DEBUG: Searching company with q=さ
DEBUG: Searching company with q=荤
DEBUG: Searching company with q=伙
DEBUG: Searching company with q=伙己
DEBUG: Searching company with q=伙さ
DEBUG: Searching company with q=伙己じ
DEBUG: Searching company with q=伙己傈
DEBUG: Searching company with q=伙辑
DEBUG: Searching company with q=伙己历
DEBUG: Searching company with q=伙己じ
DEBUG: Searching company with q=伙己
DEBUG: Searching company with q=伙
DEBUG: Searching company with q=伙さ
DEBUG: Searching company with q=伙辑
DEBUG: Searching company with q=伙己
DEBUG: Searching company with q=伙己じ
DEBUG: Searching company with q=伙己历
DEBUG: Searching company with q=伙己傈
DEBUG: Searching company with q=伙己
DEBUG: Searching company with q=伙己傈
