Starting KIS Price Backfill (days=252, 20250508~20260115)...
Backfilled 000020 (100 rows)
Backfilled 000040 (100 rows)
Backfilled 000050 (100 rows)
Backfilled 000070 (100 rows)
Backfilled 000080 (100 rows)
Backfilled 000087 (100 rows)
Backfilled 000100 (100 rows)
Backfilled 000105 (100 rows)
Backfilled 000120 (100 rows)
Backfilled 000140 (100 rows)
Backfilled 000145 (100 rows)
Backfilled 000150 (100 rows)
Backfilled 000155 (100 rows)
Backfilled 000157 (100 rows)
Backfilled 000180 (100 rows)
Backfilled 000210 (100 rows)
Backfilled 000215 (100 rows)
Backfilled 000220 (100 rows)
Backfilled 000225 (100 rows)
Backfilled 000227 (100 rows)
Backfilled 000230 (100 rows)
Backfilled 000240 (100 rows)
Backfilled 000250 (100 rows)
Backfilled 000270 (100 rows)
Backfilled 000300 (100 rows)
Backfilled 000320 (100 rows)
Backfilled 000325 (100 rows)
Backfilled 000370 (100 rows)
Backfilled 000390 (100 rows)
Backfilled 000400 (100 rows)
Backfilled 000430 (100 rows)
Backfilled 000440 (100 rows)
Backfilled 000480 (100 rows)
Backfilled 000490 (100 rows)
Backfilled 0004V0 (2 rows)
Backfilled 0004Y0 (100 rows)
Backfilled 000500 (100 rows)
Backfilled 000520 (100 rows)
Backfilled 000540 (100 rows)
Backfilled 000545 (100 rows)
Backfilled 000590 (100 rows)
Backfilled 000640 (100 rows)
Backfilled 000650 (100 rows)
Backfilled 000660 (100 rows)
Backfilled 000670 (100 rows)
Backfilled 000680 (100 rows)
Backfilled 000700 (100 rows)
Backfilled 000720 (100 rows)
Backfilled 000725 (100 rows)
Backfilled 000760 (100 rows)
Backfilled 0007C0 (20 rows)
Backfilled 000810 (100 rows)
Backfilled 000815 (100 rows)
Backfilled 000850 (100 rows)
Backfilled 000860 (100 rows)
Backfilled 000880 (100 rows)
Backfilled 00088K (100 rows)
Backfilled 000890 (100 rows)
Backfilled 0008Z0 (100 rows)
Backfilled 000910 (100 rows)
Backfilled 000950 (100 rows)
Backfilled 000970 (100 rows)
Backfilled 000990 (100 rows)
Backfilled 0009K0 (28 rows)
Backfilled 001000 (100 rows)
Backfilled 001020 (100 rows)
Backfilled 001040 (100 rows)
Backfilled 001045 (100 rows)
Backfilled 00104K (100 rows)
Backfilled 001060 (100 rows)
Backfilled 001065 (100 rows)
Backfilled 001067 (100 rows)
Backfilled 001070 (100 rows)
Backfilled 001080 (100 rows)
Backfilled 0010V0 (98 rows)
Backfilled 001120 (100 rows)
Backfilled 001130 (100 rows)
Backfilled 001140 (100 rows)
Backfilled 001200 (100 rows)
Backfilled 001210 (100 rows)
Backfilled 001230 (100 rows)
Backfilled 001250 (100 rows)
Backfilled 001260 (100 rows)
Backfilled 001270 (100 rows)
Backfilled 001275 (100 rows)
Backfilled 001290 (100 rows)
Backfilled 001340 (100 rows)
Backfilled 001360 (100 rows)
Backfilled 001380 (100 rows)
Backfilled 001390 (100 rows)
Backfilled 0013V0 (16 rows)
Backfilled 001420 (100 rows)
Backfilled 001430 (100 rows)
Backfilled 001440 (100 rows)
Backfilled 001450 (100 rows)
Backfilled 001460 (100 rows)
Backfilled 001465 (100 rows)
Backfilled 001470 (100 rows)
Backfilled 001500 (100 rows)
Backfilled 001510 (100 rows)
Backfilled 001515 (100 rows)
Backfilled 001520 (100 rows)
Backfilled 001525 (100 rows)
Backfilled 001527 (100 rows)
Backfilled 001530 (100 rows)
Backfilled 001540 (100 rows)
Backfilled 001550 (100 rows)
Backfilled 001560 (100 rows)
Backfilled 001570 (100 rows)
Backfilled 0015G0 (41 rows)
Backfilled 0015N0 (33 rows)
Backfilled 0015S0 (24 rows)
Backfilled 001620 (100 rows)
Backfilled 001630 (100 rows)
Backfilled 001680 (100 rows)
Backfilled 001685 (100 rows)
Backfilled 001720 (100 rows)
Backfilled 001740 (100 rows)
Backfilled 001750 (100 rows)
Backfilled 001755 (100 rows)
Backfilled 001770 (100 rows)
Backfilled 001780 (100 rows)
Backfilled 001790 (100 rows)
Backfilled 001795 (100 rows)
Backfilled 001800 (100 rows)
Backfilled 001810 (100 rows)
Backfilled 001820 (100 rows)
Backfilled 001840 (100 rows)
Backfilled 001940 (100 rows)
Backfilled 002020 (100 rows)
Backfilled 002025 (100 rows)
Backfilled 002030 (100 rows)
Backfilled 002070 (100 rows)
Backfilled 002100 (100 rows)
Backfilled 002140 (100 rows)
Backfilled 002150 (100 rows)
Backfilled 002170 (100 rows)
Backfilled 002200 (100 rows)
Backfilled 002210 (100 rows)
Backfilled 002220 (100 rows)
Backfilled 002230 (100 rows)
Backfilled 002240 (100 rows)
Backfilled 002290 (100 rows)
Backfilled 002310 (100 rows)
Backfilled 002320 (100 rows)
Backfilled 002350 (100 rows)
Backfilled 002355 (100 rows)
Backfilled 002360 (100 rows)
Backfilled 002380 (100 rows)
Backfilled 002390 (100 rows)
Backfilled 002410 (100 rows)
Backfilled 002420 (100 rows)
Backfilled 002450 (100 rows)
Backfilled 002460 (100 rows)
Backfilled 002600 (100 rows)
Backfilled 002620 (100 rows)
Backfilled 002630 (100 rows)
Backfilled 002680 (100 rows)
Backfilled 002690 (100 rows)
Backfilled 002700 (100 rows)
Backfilled 002710 (100 rows)
Backfilled 002720 (100 rows)
Backfilled 002760 (100 rows)
Backfilled 002780 (100 rows)
Backfilled 002785 (100 rows)
Backfilled 002787 (100 rows)
Backfilled 002790 (100 rows)
Backfilled 002795 (100 rows)
Backfilled 00279K (100 rows)
Backfilled 002800 (100 rows)
Backfilled 002810 (100 rows)
Backfilled 002820 (100 rows)
Backfilled 002840 (100 rows)
Backfilled 002870 (100 rows)
Backfilled 002880 (100 rows)
Backfilled 002900 (100 rows)
Backfilled 002920 (100 rows)
Backfilled 002960 (100 rows)
Backfilled 002990 (100 rows)
Backfilled 002995 (100 rows)
Backfilled 003000 (100 rows)
Backfilled 003010 (100 rows)
Backfilled 003030 (100 rows)
Backfilled 003060 (100 rows)
Backfilled 003070 (100 rows)
Backfilled 003075 (100 rows)
Backfilled 003080 (100 rows)
Backfilled 003090 (100 rows)
Backfilled 0030R0 (100 rows)
Backfilled 003100 (100 rows)
Backfilled 003120 (100 rows)
Backfilled 003160 (100 rows)
Backfilled 003200 (100 rows)
Backfilled 003220 (100 rows)
Backfilled 003230 (100 rows)
Backfilled 003240 (100 rows)
Backfilled 003280 (100 rows)
Backfilled 003300 (100 rows)
Backfilled 003310 (100 rows)
Backfilled 003350 (100 rows)
Backfilled 003380 (100 rows)
Backfilled 003460 (100 rows)
Backfilled 003465 (100 rows)
Backfilled 003470 (100 rows)
Backfilled 003475 (100 rows)
Backfilled 003480 (100 rows)
Backfilled 003490 (100 rows)
Backfilled 003495 (100 rows)
Backfilled 003520 (100 rows)
Backfilled 003530 (100 rows)
Backfilled 003535 (100 rows)
Backfilled 003540 (100 rows)
Backfilled 003545 (100 rows)
Backfilled 003547 (100 rows)
Backfilled 003550 (100 rows)
Backfilled 003555 (100 rows)
Backfilled 003560 (100 rows)
Backfilled 003570 (100 rows)
Backfilled 003580 (100 rows)
Backfilled 003610 (100 rows)
Backfilled 003620 (100 rows)
Backfilled 003650 (100 rows)
Backfilled 003670 (100 rows)
Backfilled 003680 (100 rows)
Backfilled 003690 (100 rows)
Backfilled 003720 (100 rows)
Backfilled 003780 (100 rows)
Backfilled 0037T0 (100 rows)
Backfilled 003800 (100 rows)
Backfilled 003830 (100 rows)
Backfilled 003850 (100 rows)
Backfilled 003920 (100 rows)
Backfilled 003925 (100 rows)
Backfilled 003960 (100 rows)
Backfilled 004000 (100 rows)
Backfilled 004020 (100 rows)
Backfilled 004060 (100 rows)
Backfilled 004080 (100 rows)
Backfilled 004090 (100 rows)
Backfilled 004100 (100 rows)
Backfilled 004105 (100 rows)
Backfilled 004140 (100 rows)
Backfilled 004150 (100 rows)
Backfilled 004170 (100 rows)
Backfilled 0041B0 (100 rows)
Backfilled 0041J0 (100 rows)
Backfilled 0041L0 (100 rows)
Backfilled 004250 (100 rows)
Backfilled 004255 (100 rows)
Backfilled 004270 (100 rows)
Backfilled 004310 (100 rows)
Backfilled 004360 (100 rows)
Backfilled 004365 (100 rows)
Backfilled 004370 (100 rows)
Backfilled 004380 (100 rows)
Backfilled 004410 (100 rows)
Backfilled 004415 (100 rows)
Backfilled 004430 (100 rows)
Backfilled 004440 (100 rows)
Backfilled 004450 (100 rows)
Backfilled 004490 (100 rows)
Backfilled 0044K0 (98 rows)
Backfilled 004540 (100 rows)
Backfilled 004545 (100 rows)
Backfilled 004560 (100 rows)
Backfilled 004590 (100 rows)
Backfilled 004650 (100 rows)
Backfilled 004690 (100 rows)
Backfilled 004700 (100 rows)
Backfilled 004710 (100 rows)
Backfilled 004720 (100 rows)
Backfilled 004770 (100 rows)
Backfilled 004780 (100 rows)
Backfilled 004800 (100 rows)
Backfilled 004830 (100 rows)
Backfilled 004835 (100 rows)
Backfilled 004840 (100 rows)
Backfilled 004870 (100 rows)
Backfilled 004890 (100 rows)
Backfilled 004910 (100 rows)
Backfilled 004920 (100 rows)
Backfilled 004960 (100 rows)
Backfilled 004970 (100 rows)
Backfilled 004980 (100 rows)
Backfilled 004985 (100 rows)
Backfilled 004990 (100 rows)
Backfilled 00499K (100 rows)
Backfilled 005010 (100 rows)
Backfilled 005030 (100 rows)
Backfilled 005070 (100 rows)
Backfilled 005090 (100 rows)
Backfilled 005110 (100 rows)
Backfilled 005160 (100 rows)
Backfilled 005180 (100 rows)
Backfilled 005250 (100 rows)
Backfilled 005257 (100 rows)
Backfilled 005290 (100 rows)
Backfilled 005300 (100 rows)
Backfilled 005305 (100 rows)
Backfilled 005320 (100 rows)
Backfilled 005360 (100 rows)
Backfilled 005380 (100 rows)
Backfilled 005385 (100 rows)
Backfilled 005387 (100 rows)
Backfilled 005389 (100 rows)
Backfilled 005420 (100 rows)
Backfilled 005430 (100 rows)
Backfilled 005440 (100 rows)
Backfilled 005490 (100 rows)
Backfilled 0054V0 (27 rows)
Backfilled 005500 (100 rows)
Backfilled 005610 (100 rows)
Backfilled 005670 (100 rows)
Backfilled 005680 (100 rows)
Backfilled 005690 (100 rows)
Backfilled 005710 (100 rows)
Backfilled 005720 (100 rows)
Backfilled 005725 (100 rows)
Backfilled 005740 (100 rows)
Backfilled 005745 (100 rows)
Backfilled 005750 (100 rows)
Backfilled 005800 (100 rows)
Backfilled 005810 (100 rows)
Backfilled 005820 (100 rows)
Backfilled 005830 (100 rows)
Backfilled 005850 (100 rows)
Backfilled 005860 (100 rows)
Backfilled 005870 (100 rows)
Backfilled 005880 (100 rows)
Backfilled 005930 (100 rows)
Backfilled 005935 (100 rows)
Backfilled 005940 (100 rows)
Backfilled 005945 (100 rows)
Backfilled 005950 (100 rows)
Backfilled 005960 (100 rows)
Backfilled 005965 (100 rows)
Backfilled 005990 (100 rows)
Backfilled 006040 (100 rows)
Backfilled 006050 (100 rows)
Backfilled 006060 (100 rows)
Backfilled 006090 (100 rows)
Backfilled 006110 (100 rows)
Backfilled 006120 (100 rows)
Backfilled 006125 (100 rows)
Backfilled 006140 (100 rows)
Backfilled 006200 (100 rows)
Backfilled 006220 (100 rows)
Backfilled 006260 (100 rows)
Backfilled 006280 (100 rows)
Backfilled 006340 (100 rows)
Backfilled 006345 (100 rows)
Backfilled 006360 (100 rows)
Backfilled 006370 (100 rows)
Backfilled 006380 (100 rows)
Backfilled 006400 (100 rows)
Backfilled 006405 (100 rows)
Backfilled 006490 (100 rows)
Backfilled 006570 (100 rows)
Backfilled 006620 (100 rows)
Backfilled 006650 (100 rows)
Backfilled 006660 (100 rows)
Backfilled 006730 (100 rows)
Backfilled 006740 (100 rows)
Backfilled 006800 (100 rows)
Backfilled 006805 (100 rows)
Backfilled 00680K (100 rows)
Backfilled 006840 (100 rows)
Backfilled 006880 (100 rows)
Backfilled 006890 (100 rows)
Backfilled 0068Y0 (37 rows)
Backfilled 006910 (100 rows)
Backfilled 006920 (100 rows)
Backfilled 006980 (100 rows)
Backfilled 007070 (100 rows)
Backfilled 007110 (100 rows)
Backfilled 007120 (100 rows)
Backfilled 007160 (100 rows)
Backfilled 0071M0 (70 rows)
Backfilled 007210 (100 rows)
Backfilled 007280 (100 rows)
Backfilled 0072Z0 (70 rows)
Backfilled 007310 (100 rows)
Backfilled 007330 (100 rows)
Backfilled 007340 (100 rows)
Backfilled 007370 (100 rows)
Backfilled 007390 (100 rows)
Backfilled 007460 (100 rows)
Backfilled 007530 (100 rows)
Backfilled 007540 (100 rows)
Backfilled 007570 (100 rows)
Backfilled 007575 (100 rows)
Backfilled 007590 (100 rows)
Backfilled 007610 (100 rows)
Backfilled 007660 (100 rows)
Backfilled 007680 (100 rows)
Backfilled 007690 (100 rows)
Backfilled 007700 (100 rows)
Backfilled 007720 (100 rows)
Backfilled 007770 (100 rows)
Backfilled 007810 (100 rows)
Backfilled 007815 (100 rows)
Backfilled 00781K (100 rows)
Backfilled 007820 (100 rows)
Backfilled 007860 (100 rows)
Backfilled 007980 (100 rows)
Backfilled 008040 (100 rows)
Backfilled 008060 (100 rows)
Backfilled 00806K (100 rows)
Backfilled 008110 (100 rows)
Backfilled 008250 (100 rows)
Backfilled 008260 (100 rows)
Backfilled 008290 (100 rows)
Backfilled 008350 (100 rows)
Backfilled 008355 (100 rows)
Backfilled 008370 (100 rows)
Backfilled 008420 (100 rows)
Backfilled 008470 (100 rows)
Backfilled 008490 (100 rows)
Backfilled 008500 (100 rows)
Backfilled 008600 (100 rows)
Backfilled 008700 (100 rows)
Backfilled 008730 (100 rows)
Backfilled 008770 (100 rows)
Backfilled 008775 (100 rows)
Backfilled 008830 (100 rows)
Backfilled 008870 (100 rows)
Backfilled 0088D0 (21 rows)
Backfilled 008930 (100 rows)
Backfilled 008970 (100 rows)
Backfilled 009070 (100 rows)
Backfilled 009140 (100 rows)
Backfilled 009150 (100 rows)
Backfilled 009155 (100 rows)
Backfilled 009160 (100 rows)
Backfilled 009180 (100 rows)
Backfilled 009190 (100 rows)
Backfilled 0091W0 (36 rows)
Backfilled 009200 (100 rows)
Backfilled 009240 (100 rows)
Backfilled 009270 (100 rows)
Backfilled 009290 (100 rows)
Backfilled 009300 (100 rows)
Backfilled 009310 (100 rows)
Backfilled 009320 (100 rows)
Backfilled 0093G0 (33 rows)
Backfilled 009410 (100 rows)
Backfilled 009415 (100 rows)
Backfilled 009420 (100 rows)
Backfilled 009440 (100 rows)
Backfilled 009450 (100 rows)
Backfilled 009460 (100 rows)
Backfilled 009470 (100 rows)
Backfilled 009520 (100 rows)
Backfilled 009540 (100 rows)
Backfilled 009580 (100 rows)
Backfilled 009620 (100 rows)
Backfilled 009680 (100 rows)
Backfilled 0096B0 (32 rows)
Backfilled 0096D0 (31 rows)
Backfilled 009730 (100 rows)
Backfilled 009770 (100 rows)
Backfilled 009780 (100 rows)
Backfilled 0097F0 (15 rows)
Backfilled 009810 (100 rows)
Backfilled 009830 (100 rows)
Backfilled 009835 (100 rows)
Backfilled 0098T0 (22 rows)
Backfilled 009900 (100 rows)
Backfilled 009970 (100 rows)
Backfilled 0099W0 (16 rows)
Backfilled 0099X0 (17 rows)
Backfilled 010040 (100 rows)
Backfilled 010060 (100 rows)
Backfilled 010100 (100 rows)
Backfilled 010120 (100 rows)
Backfilled 010130 (100 rows)
Backfilled 010140 (100 rows)
Backfilled 010170 (100 rows)
Backfilled 0101C0 (16 rows)
Backfilled 010240 (100 rows)
Backfilled 010280 (100 rows)
Backfilled 010400 (100 rows)
Backfilled 010470 (100 rows)
Backfilled 010580 (100 rows)
Backfilled 0105P0 (23 rows)
Backfilled 010600 (100 rows)
Backfilled 010640 (100 rows)
Backfilled 010660 (100 rows)
Backfilled 010690 (100 rows)
Backfilled 010770 (100 rows)
Backfilled 010780 (100 rows)
Backfilled 010820 (100 rows)
Backfilled 010950 (100 rows)
Backfilled 010955 (100 rows)
Backfilled 010960 (100 rows)
Backfilled 011000 (100 rows)
Backfilled 011040 (100 rows)
Backfilled 011070 (100 rows)
Backfilled 011080 (100 rows)
Backfilled 011090 (100 rows)
Backfilled 011150 (100 rows)
Backfilled 011155 (100 rows)
Backfilled 011170 (100 rows)
Backfilled 011200 (100 rows)
Backfilled 011210 (100 rows)
Backfilled 011230 (100 rows)
Backfilled 011280 (100 rows)
Backfilled 011300 (100 rows)
Backfilled 011320 (100 rows)
Backfilled 011330 (100 rows)
Backfilled 011370 (100 rows)
Backfilled 011390 (100 rows)
Backfilled 011420 (100 rows)
Backfilled 011500 (100 rows)
Backfilled 011560 (100 rows)
Backfilled 011690 (100 rows)
Backfilled 011700 (100 rows)
Backfilled 011760 (100 rows)
Backfilled 011780 (100 rows)
Backfilled 011785 (100 rows)
Backfilled 011790 (100 rows)
Backfilled 011810 (100 rows)
Backfilled 011930 (100 rows)
Backfilled 012030 (100 rows)
Backfilled 0120G0 (36 rows)
Backfilled 012160 (100 rows)
Backfilled 012170 (100 rows)
Backfilled 012200 (100 rows)
Backfilled 012205 (100 rows)
Backfilled 012210 (100 rows)
Backfilled 012280 (100 rows)
Backfilled 012320 (100 rows)
Backfilled 012330 (100 rows)
Backfilled 012340 (100 rows)
Backfilled 012450 (100 rows)
Backfilled 012510 (100 rows)
Backfilled 012610 (100 rows)
Backfilled 012620 (100 rows)
Backfilled 012630 (100 rows)
Backfilled 012690 (100 rows)
Backfilled 0126Z0 (36 rows)
Backfilled 012700 (100 rows)
Backfilled 012750 (100 rows)
Backfilled 012790 (100 rows)
Backfilled 012800 (100 rows)
Backfilled 012860 (100 rows)
Backfilled 013000 (100 rows)
Backfilled 013030 (100 rows)
Backfilled 013120 (100 rows)
Backfilled 013310 (100 rows)
Backfilled 013360 (100 rows)
Backfilled 013520 (100 rows)
Backfilled 013570 (100 rows)
Backfilled 013580 (100 rows)
Backfilled 013700 (100 rows)
Backfilled 013720 (100 rows)
Backfilled 013810 (100 rows)
Backfilled 013870 (100 rows)
Backfilled 013890 (100 rows)
Backfilled 013990 (100 rows)
Backfilled 014100 (100 rows)
Backfilled 014130 (100 rows)
Backfilled 014160 (100 rows)
Backfilled 014190 (100 rows)
Backfilled 014280 (100 rows)
Backfilled 014285 (100 rows)
Backfilled 014440 (100 rows)
Backfilled 014470 (100 rows)
Backfilled 014530 (100 rows)
Backfilled 014570 (100 rows)
Backfilled 014580 (100 rows)
Backfilled 014620 (100 rows)
Backfilled 014680 (100 rows)
Backfilled 014710 (100 rows)
Backfilled 014790 (100 rows)
Backfilled 014820 (100 rows)
Backfilled 014825 (100 rows)
Backfilled 014830 (100 rows)
Backfilled 014910 (100 rows)
Backfilled 014915 (100 rows)
Backfilled 014940 (100 rows)
Backfilled 014950 (56 rows)
Backfilled 014970 (100 rows)
Backfilled 014990 (100 rows)
Backfilled 015020 (100 rows)
Backfilled 015230 (100 rows)
Backfilled 015260 (100 rows)
Backfilled 015360 (100 rows)
Backfilled 015590 (100 rows)
Backfilled 015710 (100 rows)
Backfilled 015750 (100 rows)
Backfilled 015760 (100 rows)
Backfilled 015860 (100 rows)
Backfilled 015890 (100 rows)
Backfilled 016090 (100 rows)
Backfilled 016100 (100 rows)
Backfilled 016250 (100 rows)
Backfilled 016360 (100 rows)
Backfilled 016380 (100 rows)
Backfilled 016450 (100 rows)
Backfilled 016580 (100 rows)
Backfilled 016590 (100 rows)
Backfilled 016600 (100 rows)
Backfilled 016610 (100 rows)
Backfilled 016670 (100 rows)
Backfilled 016710 (100 rows)
Backfilled 016740 (100 rows)
Backfilled 016790 (100 rows)
Backfilled 016800 (100 rows)
Backfilled 016880 (100 rows)
Backfilled 016920 (100 rows)
Backfilled 017000 (100 rows)
Backfilled 017040 (100 rows)
Backfilled 017180 (100 rows)
Backfilled 017250 (100 rows)
Backfilled 017370 (100 rows)
Backfilled 017390 (100 rows)
Backfilled 017480 (100 rows)
Backfilled 017510 (100 rows)
Backfilled 017550 (100 rows)
Backfilled 017650 (100 rows)
Backfilled 017670 (100 rows)
Backfilled 017800 (100 rows)
Backfilled 017810 (100 rows)
Backfilled 017860 (100 rows)
Backfilled 017890 (100 rows)
Backfilled 017900 (100 rows)
Backfilled 017940 (100 rows)
Backfilled 017960 (100 rows)
Backfilled 018000 (100 rows)
Backfilled 018120 (100 rows)
Backfilled 018250 (100 rows)
Backfilled 018260 (100 rows)
Backfilled 018290 (100 rows)
Backfilled 018310 (100 rows)
Backfilled 018470 (100 rows)
Backfilled 018500 (100 rows)
Backfilled 018620 (100 rows)
Backfilled 018670 (100 rows)
Backfilled 018680 (100 rows)
Backfilled 018700 (100 rows)
Backfilled 018880 (100 rows)
Backfilled 019010 (100 rows)
Backfilled 019170 (100 rows)
Backfilled 019175 (100 rows)
Backfilled 019180 (100 rows)
Backfilled 019210 (100 rows)
Backfilled 019440 (100 rows)
Backfilled 019490 (100 rows)
Backfilled 019540 (100 rows)
Backfilled 019550 (100 rows)
Backfilled 019570 (100 rows)
Backfilled 019660 (100 rows)
Backfilled 019680 (100 rows)
Backfilled 019685 (100 rows)
Backfilled 019770 (100 rows)
Backfilled 019990 (100 rows)
Backfilled 020000 (100 rows)
Backfilled 020120 (100 rows)
Backfilled 020150 (100 rows)
Backfilled 020180 (100 rows)
Backfilled 020400 (100 rows)
Backfilled 020560 (100 rows)
Backfilled 020710 (100 rows)
Backfilled 020760 (100 rows)
Backfilled 021040 (100 rows)
Backfilled 021045 (100 rows)
Backfilled 021050 (100 rows)
Backfilled 021080 (100 rows)
Backfilled 021240 (100 rows)
Backfilled 021320 (100 rows)
Backfilled 021650 (100 rows)
Backfilled 021820 (100 rows)
Backfilled 021880 (100 rows)
Backfilled 022100 (100 rows)
Backfilled 022220 (100 rows)
Backfilled 023000 (100 rows)
Backfilled 023150 (100 rows)
Backfilled 023160 (100 rows)
Backfilled 023350 (100 rows)
Backfilled 023410 (100 rows)
Backfilled 023440 (100 rows)
Backfilled 023450 (100 rows)
Backfilled 023530 (100 rows)
Backfilled 023590 (100 rows)
Backfilled 023600 (100 rows)
Backfilled 023760 (100 rows)
Backfilled 023770 (100 rows)
Backfilled 023790 (100 rows)
Backfilled 023800 (100 rows)
Backfilled 023810 (100 rows)
Backfilled 023900 (100 rows)
Backfilled 023910 (100 rows)
Backfilled 023960 (100 rows)
Backfilled 024060 (100 rows)
Backfilled 024070 (100 rows)
Backfilled 024090 (100 rows)
Backfilled 024110 (100 rows)
Backfilled 024120 (100 rows)
Backfilled 024720 (100 rows)
Backfilled 024740 (100 rows)
Backfilled 024800 (100 rows)
Backfilled 024830 (100 rows)
Backfilled 024840 (100 rows)
Backfilled 024850 (100 rows)
Backfilled 024880 (100 rows)
Backfilled 024890 (100 rows)
Backfilled 024900 (100 rows)
Backfilled 024910 (100 rows)
Backfilled 024940 (100 rows)
Backfilled 024950 (100 rows)
Backfilled 025000 (100 rows)
Backfilled 025320 (100 rows)
Backfilled 025440 (100 rows)
Backfilled 025530 (100 rows)
Backfilled 025540 (100 rows)
Backfilled 025550 (100 rows)
Backfilled 025560 (100 rows)
Backfilled 025620 (100 rows)
Backfilled 025750 (100 rows)
Backfilled 025770 (100 rows)
Backfilled 025820 (100 rows)
Backfilled 025860 (100 rows)
Backfilled 025870 (100 rows)
Backfilled 025880 (100 rows)
Backfilled 025890 (100 rows)
Backfilled 025900 (100 rows)
Backfilled 025950 (100 rows)
Backfilled 025980 (100 rows)
Backfilled 026040 (100 rows)
Backfilled 026150 (100 rows)
Backfilled 026890 (100 rows)
Backfilled 026910 (100 rows)
Backfilled 026940 (100 rows)
Backfilled 026960 (100 rows)
Backfilled 027040 (100 rows)
Backfilled 027050 (100 rows)
Backfilled 027360 (100 rows)
Backfilled 027410 (100 rows)
Backfilled 027580 (100 rows)
Backfilled 027710 (100 rows)
Backfilled 027740 (100 rows)
Backfilled 027830 (100 rows)
Backfilled 027970 (100 rows)
Backfilled 028050 (100 rows)
Backfilled 028080 (100 rows)
Backfilled 028100 (100 rows)
Backfilled 028260 (100 rows)
Backfilled 02826K (100 rows)
Backfilled 028300 (100 rows)
Backfilled 028670 (100 rows)
Backfilled 029460 (100 rows)
Backfilled 029480 (100 rows)
Backfilled 029530 (100 rows)
Backfilled 029780 (100 rows)
Backfilled 030000 (100 rows)
Backfilled 030190 (100 rows)
Backfilled 030200 (100 rows)
Backfilled 030210 (100 rows)
Backfilled 030350 (100 rows)
Backfilled 030520 (100 rows)
Backfilled 030530 (100 rows)
Backfilled 030610 (100 rows)
Backfilled 030720 (100 rows)
Backfilled 030960 (100 rows)
Backfilled 031210 (100 rows)
Backfilled 031310 (100 rows)
Backfilled 031330 (100 rows)
Backfilled 031430 (100 rows)
Backfilled 031440 (100 rows)
Backfilled 031510 (100 rows)
Backfilled 031820 (100 rows)
Backfilled 031860 (100 rows)
Backfilled 031980 (100 rows)
Backfilled 032080 (100 rows)
Backfilled 032190 (100 rows)
Backfilled 032280 (100 rows)
Backfilled 032300 (100 rows)
Backfilled 032350 (100 rows)
Backfilled 032500 (100 rows)
Backfilled 032540 (100 rows)
Backfilled 032560 (100 rows)
Backfilled 032580 (100 rows)
Backfilled 032620 (100 rows)
Backfilled 032640 (100 rows)
Backfilled 032680 (100 rows)
Backfilled 032685 (100 rows)
Backfilled 032750 (100 rows)
Backfilled 032790 (100 rows)
Backfilled 032800 (100 rows)
Backfilled 032820 (100 rows)
Backfilled 032830 (100 rows)
Backfilled 032850 (100 rows)
Backfilled 032860 (100 rows)
Backfilled 032940 (100 rows)
Backfilled 032960 (100 rows)
Backfilled 032980 (100 rows)
Backfilled 033050 (100 rows)
Backfilled 033100 (100 rows)
Backfilled 033130 (100 rows)
Backfilled 033160 (100 rows)
Backfilled 033170 (100 rows)
Backfilled 033180 (100 rows)
Backfilled 033200 (100 rows)
Backfilled 033230 (100 rows)
Backfilled 033240 (100 rows)
Backfilled 033250 (100 rows)
Backfilled 033270 (100 rows)
Backfilled 033290 (100 rows)
Backfilled 033310 (100 rows)
Backfilled 033320 (100 rows)
Backfilled 033340 (100 rows)
Backfilled 033500 (100 rows)
Backfilled 033530 (100 rows)
Backfilled 033540 (100 rows)
Backfilled 033560 (100 rows)
Backfilled 033640 (100 rows)
Backfilled 033780 (100 rows)
Backfilled 033790 (100 rows)
Backfilled 033830 (100 rows)
Backfilled 033920 (100 rows)
Backfilled 034020 (100 rows)
Backfilled 034120 (100 rows)
Backfilled 034220 (100 rows)
Backfilled 034230 (100 rows)
Backfilled 034310 (100 rows)
Backfilled 034590 (100 rows)
Backfilled 034730 (100 rows)
Backfilled 03473K (100 rows)
Backfilled 034810 (100 rows)
Backfilled 03481K (100 rows)
Backfilled 034830 (100 rows)
Backfilled 034940 (100 rows)
Backfilled 034950 (100 rows)
Backfilled 035000 (100 rows)
Backfilled 035080 (100 rows)
Backfilled 035150 (100 rows)
Backfilled 035200 (100 rows)
Backfilled 035250 (100 rows)
Backfilled 035290 (100 rows)
Backfilled 035420 (100 rows)
Backfilled 035460 (100 rows)
Backfilled 035510 (100 rows)
Backfilled 035600 (100 rows)
Backfilled 035610 (100 rows)
Backfilled 035620 (100 rows)
Backfilled 035720 (100 rows)
Backfilled 035760 (100 rows)
Backfilled 035810 (100 rows)
Backfilled 035890 (100 rows)
Backfilled 035900 (100 rows)
Backfilled 036000 (100 rows)
Backfilled 036010 (100 rows)
Backfilled 036030 (100 rows)
Backfilled 036090 (100 rows)
Backfilled 036120 (100 rows)
Backfilled 036170 (100 rows)
Backfilled 036180 (100 rows)
Backfilled 036190 (100 rows)
Backfilled 036200 (100 rows)
Backfilled 036220 (100 rows)
Backfilled 036420 (100 rows)
Backfilled 036460 (100 rows)
Backfilled 036480 (100 rows)
Backfilled 036530 (100 rows)
Backfilled 036540 (100 rows)
Backfilled 036560 (100 rows)
Backfilled 036570 (100 rows)
Backfilled 036580 (100 rows)
Backfilled 036620 (100 rows)
Backfilled 036630 (100 rows)
Backfilled 036640 (100 rows)
Backfilled 036670 (100 rows)
Backfilled 036690 (100 rows)
Backfilled 036710 (100 rows)
Backfilled 036800 (100 rows)
Backfilled 036810 (100 rows)
Backfilled 036830 (100 rows)
Backfilled 036890 (100 rows)
Backfilled 036930 (100 rows)
Backfilled 037030 (100 rows)
Backfilled 037070 (100 rows)
Backfilled 037230 (100 rows)
Backfilled 037270 (100 rows)
Backfilled 037330 (100 rows)
Backfilled 037350 (100 rows)
Backfilled 037370 (100 rows)
Backfilled 037400 (100 rows)
Backfilled 037440 (100 rows)
Backfilled 037460 (100 rows)
Backfilled 037560 (100 rows)
Backfilled 037710 (100 rows)
Backfilled 037760 (100 rows)
Backfilled 037950 (100 rows)
Backfilled 038010 (100 rows)
Backfilled 038060 (100 rows)
Backfilled 038070 (100 rows)
Backfilled 038110 (100 rows)
Backfilled 038290 (100 rows)
Backfilled 038390 (100 rows)
Backfilled 038460 (100 rows)
Backfilled 038500 (100 rows)
Backfilled 038530 (100 rows)
Backfilled 038540 (100 rows)
Backfilled 038620 (100 rows)
Backfilled 038680 (100 rows)
Backfilled 038870 (100 rows)
Backfilled 038880 (100 rows)
Backfilled 038950 (100 rows)
Backfilled 039010 (100 rows)
Backfilled 039020 (100 rows)
Backfilled 039030 (100 rows)
Backfilled 039130 (100 rows)
Backfilled 039200 (100 rows)
Backfilled 039240 (100 rows)
Backfilled 039290 (100 rows)
Backfilled 039310 (100 rows)
Backfilled 039340 (100 rows)
Backfilled 039420 (100 rows)
Backfilled 039440 (100 rows)
Backfilled 039490 (100 rows)
Backfilled 039560 (100 rows)
Backfilled 039570 (100 rows)
Backfilled 039610 (100 rows)
Backfilled 039740 (100 rows)
Backfilled 039830 (100 rows)
Backfilled 039840 (100 rows)
Backfilled 039860 (100 rows)
Backfilled 039980 (100 rows)
Backfilled 040160 (100 rows)
Backfilled 040300 (100 rows)
Backfilled 040350 (100 rows)
Backfilled 040420 (100 rows)
Backfilled 040610 (100 rows)
Backfilled 040910 (100 rows)
Backfilled 041020 (100 rows)
Backfilled 041190 (100 rows)
Backfilled 041440 (100 rows)
Backfilled 041460 (100 rows)
Backfilled 041510 (100 rows)
Backfilled 041520 (100 rows)
Backfilled 041590 (100 rows)
Backfilled 041650 (100 rows)
Backfilled 041830 (100 rows)
Backfilled 041910 (100 rows)
Backfilled 041920 (100 rows)
Backfilled 041930 (100 rows)
Backfilled 041960 (100 rows)
Backfilled 042000 (100 rows)
Backfilled 042040 (100 rows)
Backfilled 042110 (100 rows)
Backfilled 042370 (100 rows)
Backfilled 042420 (100 rows)
Backfilled 042500 (100 rows)
Backfilled 042510 (100 rows)
Backfilled 042520 (100 rows)
Backfilled 042600 (100 rows)
Backfilled 042660 (100 rows)
Backfilled 042670 (100 rows)
Backfilled 042700 (100 rows)
Backfilled 042940 (100 rows)
Backfilled 043090 (100 rows)
Backfilled 043100 (100 rows)
Backfilled 043150 (100 rows)
Backfilled 043200 (100 rows)
Backfilled 043220 (100 rows)
Backfilled 043260 (100 rows)
Backfilled 043340 (100 rows)
Backfilled 043360 (100 rows)
Backfilled 043370 (100 rows)
Backfilled 043590 (100 rows)
Backfilled 043610 (100 rows)
Backfilled 043650 (100 rows)
Backfilled 043710 (100 rows)
Backfilled 043910 (100 rows)
Backfilled 044180 (100 rows)
Backfilled 044340 (100 rows)
Backfilled 044380 (100 rows)
Backfilled 044450 (100 rows)
Backfilled 044480 (100 rows)
Backfilled 044490 (100 rows)
Backfilled 044780 (100 rows)
Backfilled 044820 (100 rows)
Backfilled 044960 (100 rows)
Backfilled 044990 (100 rows)
Backfilled 045060 (100 rows)
Backfilled 045100 (100 rows)
Backfilled 045300 (100 rows)
Backfilled 045340 (100 rows)
Backfilled 045390 (100 rows)
Backfilled 045510 (100 rows)
Backfilled 045520 (100 rows)
Backfilled 045660 (100 rows)
Backfilled 045970 (100 rows)
Backfilled 046070 (100 rows)
Backfilled 046120 (100 rows)
Backfilled 046210 (100 rows)
Backfilled 046310 (100 rows)
Backfilled 046390 (100 rows)
Backfilled 046440 (100 rows)
Backfilled 046890 (100 rows)
Backfilled 046940 (100 rows)
Backfilled 046970 (100 rows)
Backfilled 047040 (100 rows)
Backfilled 047050 (100 rows)
Backfilled 047080 (100 rows)
Backfilled 047310 (100 rows)
Backfilled 047400 (100 rows)
Backfilled 047560 (100 rows)
Backfilled 047770 (100 rows)
Backfilled 047810 (100 rows)
Backfilled 047820 (100 rows)
Backfilled 047920 (100 rows)
Backfilled 048410 (100 rows)
Backfilled 048430 (100 rows)
Backfilled 048470 (100 rows)
Backfilled 048530 (100 rows)
Backfilled 048550 (100 rows)
Backfilled 048770 (100 rows)
Backfilled 048830 (100 rows)
Backfilled 048870 (100 rows)
Backfilled 048910 (100 rows)
Backfilled 049070 (100 rows)
Backfilled 049080 (100 rows)
Backfilled 049120 (100 rows)
Backfilled 049180 (100 rows)
Backfilled 049430 (100 rows)
Backfilled 049470 (100 rows)
Backfilled 049480 (100 rows)
Backfilled 049520 (100 rows)
Backfilled 049550 (100 rows)
Backfilled 049630 (100 rows)
Backfilled 049720 (100 rows)
Backfilled 049800 (100 rows)
Backfilled 049830 (100 rows)
Backfilled 049950 (100 rows)
Backfilled 049960 (100 rows)
Backfilled 050090 (100 rows)
Backfilled 050110 (100 rows)
Backfilled 050120 (100 rows)
Backfilled 050760 (100 rows)
Backfilled 050860 (100 rows)
Backfilled 050890 (100 rows)
Backfilled 050960 (100 rows)
Backfilled 051160 (100 rows)
Backfilled 051360 (100 rows)
Backfilled 051370 (100 rows)
Backfilled 051380 (100 rows)
Backfilled 051390 (100 rows)
Backfilled 051490 (100 rows)
Backfilled 051500 (100 rows)
Backfilled 051600 (100 rows)
Backfilled 051630 (100 rows)
Backfilled 051780 (100 rows)
Backfilled 051900 (100 rows)
Backfilled 051905 (100 rows)
Backfilled 051910 (100 rows)
Backfilled 051915 (100 rows)
Backfilled 051980 (100 rows)
Backfilled 052020 (100 rows)
Backfilled 052220 (100 rows)
Backfilled 052260 (100 rows)
Backfilled 052300 (100 rows)
Backfilled 052330 (100 rows)
Backfilled 052400 (100 rows)
Backfilled 052420 (100 rows)
Backfilled 052460 (100 rows)
Backfilled 052600 (100 rows)
Backfilled 052670 (100 rows)
Backfilled 052690 (100 rows)
Backfilled 052710 (100 rows)
Backfilled 052770 (100 rows)
Backfilled 052790 (100 rows)
Backfilled 052860 (100 rows)
Backfilled 052900 (100 rows)
Backfilled 053030 (100 rows)
Backfilled 053050 (100 rows)
Backfilled 053060 (100 rows)
Backfilled 053080 (100 rows)
Backfilled 053160 (100 rows)
Backfilled 053210 (100 rows)
Backfilled 053260 (100 rows)
Backfilled 053270 (100 rows)
Backfilled 053280 (100 rows)
Backfilled 053290 (100 rows)
Backfilled 053300 (100 rows)
Backfilled 053350 (100 rows)
Backfilled 053450 (100 rows)
Backfilled 053580 (100 rows)
Backfilled 053610 (100 rows)
Backfilled 053620 (100 rows)
Backfilled 053690 (100 rows)
Backfilled 053700 (100 rows)
Backfilled 053800 (100 rows)
Backfilled 053950 (100 rows)
Backfilled 053980 (100 rows)
Backfilled 054040 (100 rows)
Backfilled 054050 (100 rows)
Backfilled 054090 (100 rows)
Backfilled 054180 (100 rows)
Backfilled 054210 (100 rows)
Backfilled 054220 (100 rows)
Backfilled 054300 (100 rows)
Backfilled 054410 (100 rows)
Backfilled 054450 (100 rows)
Backfilled 054540 (100 rows)
Backfilled 054620 (100 rows)
Backfilled 054670 (100 rows)
Backfilled 054780 (100 rows)
Backfilled 054800 (100 rows)
Backfilled 054920 (100 rows)
Backfilled 054930 (100 rows)
Backfilled 054940 (100 rows)
Backfilled 054950 (100 rows)
Backfilled 055490 (100 rows)
Backfilled 055550 (100 rows)
Backfilled 056080 (100 rows)
Backfilled 056090 (100 rows)
Backfilled 056190 (100 rows)
Backfilled 056360 (100 rows)
Backfilled 056700 (100 rows)
Backfilled 056730 (100 rows)
Backfilled 057030 (100 rows)
Backfilled 057050 (100 rows)
Backfilled 057540 (100 rows)
Backfilled 057680 (100 rows)
Backfilled 057880 (100 rows)
Backfilled 058110 (100 rows)
Backfilled 058400 (100 rows)
Backfilled 058430 (100 rows)
Backfilled 058450 (100 rows)
Backfilled 058470 (100 rows)
Backfilled 058610 (100 rows)
Backfilled 058630 (100 rows)
Backfilled 058650 (100 rows)
Backfilled 058730 (100 rows)
Backfilled 058820 (100 rows)
Backfilled 058850 (100 rows)
Backfilled 058860 (100 rows)
Backfilled 058970 (100 rows)
Backfilled 059090 (100 rows)
Backfilled 059100 (100 rows)
Backfilled 059120 (100 rows)
Backfilled 059210 (100 rows)
Backfilled 059270 (100 rows)
Backfilled 060150 (100 rows)
Backfilled 060230 (100 rows)
Backfilled 060240 (100 rows)
Backfilled 060250 (100 rows)
Backfilled 060260 (100 rows)
Backfilled 060280 (100 rows)
Backfilled 060310 (100 rows)
Backfilled 060370 (100 rows)
Backfilled 060380 (100 rows)
Backfilled 060480 (100 rows)
Backfilled 060540 (100 rows)
Backfilled 060560 (100 rows)
Backfilled 060570 (100 rows)
Backfilled 060590 (100 rows)
Backfilled 060720 (100 rows)
Backfilled 060850 (100 rows)
Backfilled 060900 (100 rows)
Backfilled 060980 (100 rows)
Backfilled 061040 (100 rows)
Backfilled 061090 (42 rows)
Backfilled 061250 (100 rows)
Backfilled 061970 (100 rows)
Backfilled 062040 (100 rows)
Backfilled 062970 (100 rows)
Backfilled 063080 (100 rows)
Backfilled 063160 (100 rows)
Backfilled 063170 (100 rows)
Backfilled 063440 (100 rows)
Backfilled 063570 (100 rows)
Backfilled 063760 (100 rows)
Backfilled 064090 (100 rows)
Backfilled 064240 (100 rows)
Backfilled 064260 (100 rows)
Backfilled 064290 (100 rows)
Backfilled 064350 (100 rows)
Backfilled 064400 (100 rows)
Backfilled 064480 (100 rows)
Backfilled 064520 (100 rows)
Backfilled 064550 (100 rows)
Backfilled 064760 (100 rows)
Backfilled 064800 (100 rows)
Backfilled 064820 (100 rows)
Backfilled 064850 (100 rows)
Backfilled 064960 (100 rows)
Backfilled 065060 (100 rows)
Backfilled 065130 (100 rows)
Backfilled 065150 (100 rows)
Backfilled 065170 (100 rows)
Backfilled 065350 (100 rows)
Backfilled 065370 (100 rows)
Backfilled 065420 (100 rows)
Backfilled 065440 (100 rows)
Backfilled 065450 (100 rows)
Backfilled 065500 (100 rows)
Backfilled 065510 (100 rows)
Backfilled 065530 (100 rows)
Backfilled 065570 (100 rows)
Backfilled 065650 (100 rows)
Backfilled 065660 (100 rows)
Backfilled 065680 (100 rows)
Backfilled 065690 (100 rows)
Backfilled 065710 (100 rows)
Backfilled 065770 (100 rows)
Backfilled 065950 (100 rows)
Backfilled 066130 (100 rows)
Backfilled 066310 (100 rows)
Backfilled 066360 (100 rows)
Backfilled 066410 (100 rows)
Backfilled 066430 (100 rows)
Backfilled 066570 (100 rows)
Backfilled 066575 (100 rows)
Backfilled 066590 (100 rows)
Backfilled 066620 (100 rows)
Backfilled 066670 (100 rows)
Backfilled 066700 (100 rows)
Backfilled 066790 (100 rows)
Backfilled 066900 (100 rows)
Backfilled 066910 (100 rows)
Backfilled 066970 (100 rows)
Backfilled 066980 (100 rows)
Backfilled 067000 (100 rows)
Backfilled 067010 (100 rows)
Backfilled 067080 (100 rows)
Backfilled 067160 (100 rows)
Backfilled 067170 (100 rows)
Backfilled 067280 (100 rows)
Backfilled 067290 (100 rows)
Backfilled 067310 (100 rows)
Backfilled 067370 (100 rows)
Backfilled 067390 (100 rows)
Backfilled 067570 (100 rows)
Backfilled 067630 (100 rows)
Backfilled 067730 (100 rows)
Backfilled 067770 (100 rows)
Backfilled 067830 (100 rows)
Backfilled 067900 (100 rows)
Backfilled 067920 (100 rows)
Backfilled 067990 (100 rows)
Backfilled 068050 (100 rows)
Backfilled 068100 (100 rows)
Backfilled 068240 (100 rows)
Backfilled 068270 (100 rows)
Backfilled 068290 (100 rows)
Backfilled 068330 (100 rows)
Backfilled 068760 (100 rows)
Backfilled 068790 (100 rows)
Backfilled 068930 (100 rows)
Backfilled 068940 (100 rows)
Backfilled 069080 (100 rows)
Backfilled 069140 (100 rows)
Backfilled 069260 (100 rows)
Backfilled 069330 (100 rows)
Backfilled 069410 (100 rows)
Backfilled 069460 (100 rows)
Backfilled 069510 (100 rows)
Backfilled 069540 (100 rows)
Backfilled 069620 (100 rows)
Backfilled 069640 (100 rows)
Backfilled 069730 (100 rows)
Backfilled 069920 (100 rows)
Backfilled 069960 (100 rows)
Backfilled 070300 (100 rows)
Backfilled 070590 (100 rows)
Backfilled 070960 (100 rows)
Backfilled 071050 (100 rows)
Backfilled 071055 (100 rows)
Backfilled 071090 (100 rows)
Backfilled 071200 (100 rows)
Backfilled 071280 (100 rows)
Backfilled 071320 (100 rows)
Backfilled 071670 (100 rows)
Backfilled 071840 (100 rows)
Backfilled 071850 (100 rows)
Backfilled 071950 (100 rows)
Backfilled 071970 (100 rows)
Backfilled 072020 (100 rows)
Backfilled 072130 (100 rows)
Backfilled 072470 (100 rows)
Backfilled 072710 (100 rows)
Backfilled 072770 (100 rows)
Backfilled 072870 (100 rows)
Backfilled 072950 (100 rows)
Backfilled 072990 (100 rows)
Backfilled 073010 (100 rows)
Backfilled 073110 (100 rows)
Backfilled 073190 (100 rows)
Backfilled 073240 (100 rows)
Backfilled 073490 (100 rows)
Backfilled 073540 (100 rows)
Backfilled 073560 (100 rows)
Backfilled 073570 (100 rows)
Backfilled 073640 (100 rows)
Backfilled 074430 (100 rows)
Backfilled 074600 (100 rows)
Backfilled 074610 (100 rows)
Backfilled 075130 (100 rows)
Backfilled 075180 (100 rows)
Backfilled 075580 (100 rows)
Backfilled 075970 (100 rows)
Backfilled 076080 (100 rows)
Backfilled 076610 (100 rows)
Backfilled 077360 (100 rows)
Backfilled 077500 (100 rows)
Backfilled 077970 (100 rows)
Backfilled 078000 (100 rows)
Backfilled 078020 (100 rows)
Backfilled 078070 (100 rows)
Backfilled 078130 (100 rows)
Backfilled 078140 (100 rows)
Backfilled 078150 (100 rows)
Backfilled 078160 (100 rows)
Backfilled 078340 (100 rows)
Backfilled 078350 (100 rows)
Backfilled 078520 (100 rows)
Backfilled 078590 (100 rows)
Backfilled 078600 (100 rows)
Backfilled 078860 (100 rows)
Backfilled 078890 (100 rows)
Backfilled 078930 (100 rows)
Backfilled 078935 (100 rows)
Backfilled 079000 (100 rows)
Backfilled 079160 (100 rows)
Backfilled 079170 (100 rows)
Backfilled 079190 (100 rows)
Backfilled 079370 (100 rows)
Backfilled 079430 (100 rows)
Backfilled 079550 (100 rows)
Backfilled 079650 (100 rows)
Backfilled 079810 (100 rows)
Backfilled 079900 (100 rows)
Backfilled 079940 (100 rows)
Backfilled 079950 (100 rows)
Backfilled 079960 (100 rows)
Backfilled 079970 (100 rows)
Backfilled 079980 (100 rows)
Backfilled 080010 (100 rows)
Backfilled 080160 (100 rows)
Backfilled 080220 (100 rows)
Backfilled 080420 (100 rows)
Backfilled 080470 (100 rows)
Backfilled 080520 (100 rows)
Backfilled 080530 (100 rows)
Backfilled 080580 (100 rows)
Backfilled 080720 (100 rows)
Backfilled 081000 (100 rows)
Backfilled 081150 (100 rows)
Backfilled 081180 (100 rows)
Backfilled 081580 (100 rows)
Backfilled 081660 (100 rows)
Backfilled 082210 (100 rows)
Backfilled 082270 (100 rows)
Backfilled 082640 (100 rows)
Backfilled 082660 (100 rows)
Backfilled 082740 (100 rows)
Backfilled 082800 (100 rows)
Backfilled 082850 (100 rows)
Backfilled 082920 (100 rows)
Backfilled 083310 (100 rows)
Backfilled 083420 (100 rows)
Backfilled 083450 (100 rows)
Backfilled 083470 (100 rows)
Backfilled 083500 (100 rows)
Backfilled 083550 (100 rows)
Backfilled 083640 (100 rows)
Backfilled 083650 (100 rows)
Backfilled 083660 (100 rows)
Backfilled 083790 (100 rows)
Backfilled 083930 (100 rows)
Backfilled 084010 (100 rows)
Backfilled 084110 (100 rows)
Backfilled 084180 (100 rows)
Backfilled 084370 (100 rows)
Backfilled 084440 (100 rows)
Backfilled 084650 (100 rows)
Backfilled 084670 (100 rows)
Backfilled 084680 (100 rows)
Backfilled 084690 (100 rows)
Backfilled 084695 (100 rows)
Backfilled 084730 (100 rows)
Backfilled 084850 (100 rows)
Backfilled 084870 (100 rows)
Backfilled 084990 (100 rows)
Backfilled 085310 (100 rows)
Backfilled 085620 (100 rows)
Backfilled 085660 (100 rows)
Backfilled 085670 (100 rows)
Backfilled 085810 (100 rows)
Backfilled 085910 (100 rows)
Backfilled 086040 (100 rows)
Backfilled 086060 (100 rows)
Backfilled 086280 (100 rows)
Backfilled 086390 (100 rows)
Backfilled 086450 (100 rows)
Backfilled 086520 (100 rows)
Backfilled 086670 (100 rows)
Backfilled 086710 (100 rows)
Backfilled 086790 (100 rows)
Backfilled 086820 (100 rows)
Backfilled 086890 (100 rows)
Backfilled 086900 (100 rows)
Backfilled 086960 (100 rows)
Backfilled 086980 (100 rows)
Backfilled 087010 (100 rows)
Backfilled 087260 (100 rows)
Backfilled 087600 (100 rows)
Backfilled 088130 (100 rows)
Backfilled 088260 (100 rows)
Backfilled 088280 (100 rows)
Backfilled 088290 (100 rows)
Backfilled 088340 (100 rows)
Backfilled 088350 (100 rows)
Backfilled 088390 (100 rows)
Backfilled 088790 (100 rows)
Backfilled 088800 (100 rows)
Backfilled 088910 (100 rows)
Backfilled 088980 (100 rows)
Backfilled 089010 (100 rows)
Backfilled 089030 (100 rows)
Backfilled 089140 (100 rows)
Backfilled 089150 (100 rows)
Backfilled 089230 (100 rows)
Backfilled 089470 (100 rows)
Backfilled 089590 (100 rows)
Backfilled 089600 (100 rows)
Backfilled 089790 (100 rows)
Backfilled 089850 (100 rows)
Backfilled 089860 (100 rows)
Backfilled 089890 (100 rows)
Backfilled 089970 (100 rows)
Backfilled 089980 (100 rows)
Backfilled 090080 (100 rows)
Backfilled 090150 (100 rows)
Backfilled 090350 (100 rows)
Backfilled 090355 (100 rows)
Backfilled 090360 (100 rows)
Backfilled 090370 (100 rows)
Backfilled 090410 (100 rows)
Backfilled 090430 (100 rows)
Backfilled 090435 (100 rows)
Backfilled 090460 (100 rows)
Backfilled 090470 (100 rows)
Backfilled 090710 (100 rows)
Backfilled 090850 (100 rows)
Backfilled 091120 (100 rows)
Backfilled 091340 (100 rows)
Backfilled 091440 (100 rows)
Backfilled 091580 (100 rows)
Backfilled 091590 (100 rows)
Backfilled 091700 (100 rows)
Backfilled 091810 (100 rows)
Backfilled 091970 (100 rows)
Backfilled 092040 (100 rows)
Backfilled 092070 (100 rows)
Backfilled 092130 (100 rows)
Backfilled 092190 (100 rows)
Backfilled 092200 (100 rows)
Backfilled 092220 (100 rows)
Backfilled 092230 (100 rows)
Backfilled 092300 (100 rows)
Backfilled 092440 (100 rows)
Backfilled 092460 (100 rows)
Backfilled 092600 (100 rows)
Backfilled 092730 (100 rows)
Backfilled 092780 (100 rows)
Backfilled 092790 (100 rows)
Backfilled 092870 (100 rows)
Backfilled 093050 (100 rows)
Backfilled 093190 (100 rows)
Backfilled 093240 (100 rows)
Backfilled 093320 (100 rows)
Backfilled 093370 (100 rows)
Backfilled 093380 (100 rows)
Backfilled 093520 (100 rows)
Backfilled 093640 (100 rows)
Backfilled 093920 (100 rows)
Backfilled 094170 (100 rows)
Backfilled 094280 (100 rows)
Backfilled 094360 (100 rows)
Backfilled 094480 (100 rows)
Backfilled 094800 (100 rows)
Backfilled 094820 (100 rows)
Backfilled 094840 (100 rows)
Backfilled 094850 (100 rows)
Backfilled 094860 (100 rows)
Backfilled 094940 (100 rows)
Backfilled 094970 (100 rows)
Backfilled 095190 (100 rows)
Backfilled 095270 (100 rows)
Backfilled 095340 (100 rows)
Backfilled 095500 (100 rows)
Backfilled 095570 (100 rows)
Backfilled 095610 (100 rows)
Backfilled 095660 (100 rows)
Backfilled 095700 (100 rows)
Backfilled 095720 (100 rows)
Backfilled 095910 (100 rows)
Backfilled 096240 (100 rows)
Backfilled 096250 (100 rows)
Backfilled 096350 (100 rows)
Backfilled 096530 (100 rows)
Backfilled 096610 (100 rows)
Backfilled 096630 (100 rows)
Backfilled 096690 (100 rows)
Backfilled 096760 (100 rows)
Backfilled 096770 (100 rows)
Backfilled 096775 (100 rows)
Backfilled 096870 (100 rows)
Backfilled 097230 (100 rows)
Backfilled 097520 (100 rows)
Backfilled 097780 (100 rows)
Backfilled 097800 (100 rows)
Backfilled 097870 (100 rows)
Backfilled 097950 (100 rows)
Backfilled 097955 (100 rows)
Backfilled 098070 (100 rows)
Backfilled 098120 (100 rows)
Backfilled 098460 (100 rows)
Backfilled 098660 (100 rows)
Backfilled 099190 (100 rows)
Backfilled 099220 (100 rows)
Backfilled 099320 (100 rows)
Backfilled 099390 (100 rows)
Backfilled 099410 (100 rows)
Backfilled 099430 (100 rows)
Backfilled 099440 (100 rows)
Backfilled 099520 (100 rows)
Backfilled 099750 (100 rows)
Backfilled 100030 (100 rows)
Backfilled 100090 (100 rows)
Backfilled 100120 (100 rows)
Backfilled 100130 (100 rows)
Backfilled 100220 (100 rows)
Backfilled 100250 (100 rows)
Backfilled 100590 (100 rows)
Backfilled 100660 (100 rows)
Backfilled 100700 (100 rows)
Backfilled 100790 (100 rows)
Backfilled 100840 (100 rows)
Backfilled 101000 (100 rows)
Backfilled 101140 (100 rows)
Backfilled 101160 (100 rows)
Backfilled 101170 (100 rows)
Backfilled 101240 (100 rows)
Backfilled 101330 (100 rows)
Backfilled 101360 (100 rows)
Backfilled 101390 (100 rows)
Backfilled 101400 (100 rows)
Backfilled 101490 (100 rows)
Backfilled 101530 (100 rows)
Backfilled 101670 (100 rows)
Backfilled 101680 (100 rows)
Backfilled 101730 (100 rows)
Backfilled 101930 (100 rows)
Backfilled 101970 (100 rows)
Backfilled 102120 (100 rows)
Backfilled 102260 (100 rows)
Backfilled 102370 (100 rows)
Backfilled 102460 (100 rows)
Backfilled 102710 (100 rows)
Backfilled 102940 (100 rows)
Backfilled 103140 (100 rows)
Backfilled 103230 (100 rows)
Backfilled 103590 (100 rows)
Backfilled 103840 (100 rows)
Backfilled 104040 (100 rows)
Backfilled 104200 (100 rows)
Backfilled 104460 (100 rows)
Backfilled 104480 (100 rows)
Backfilled 104540 (100 rows)
Backfilled 104620 (100 rows)
Backfilled 104700 (100 rows)
Backfilled 104830 (100 rows)
Backfilled 105330 (100 rows)
Backfilled 105550 (100 rows)
Backfilled 105560 (100 rows)
Backfilled 105630 (100 rows)
Backfilled 105740 (100 rows)
Backfilled 105760 (100 rows)
Backfilled 105840 (100 rows)
Backfilled 106080 (100 rows)
Backfilled 106190 (100 rows)
Backfilled 106240 (100 rows)
Backfilled 106520 (100 rows)
Backfilled 107590 (100 rows)
Backfilled 107600 (100 rows)
Backfilled 107640 (100 rows)
Backfilled 108230 (100 rows)
Backfilled 108320 (100 rows)
Backfilled 108380 (100 rows)
Backfilled 108490 (100 rows)
Backfilled 108670 (100 rows)
Backfilled 108675 (100 rows)
Backfilled 108860 (100 rows)
Backfilled 109070 (100 rows)
Backfilled 109080 (100 rows)
Backfilled 109610 (100 rows)
Backfilled 109670 (100 rows)
Backfilled 109740 (100 rows)
Backfilled 109820 (100 rows)
Backfilled 109860 (100 rows)
Backfilled 109960 (100 rows)
Backfilled 110020 (100 rows)
Backfilled 110790 (100 rows)
Backfilled 110990 (100 rows)
Backfilled 111110 (100 rows)
Backfilled 111380 (100 rows)
Backfilled 111710 (100 rows)
Backfilled 111770 (100 rows)
Backfilled 111870 (100 rows)
Backfilled 112040 (100 rows)
Backfilled 112290 (100 rows)
Backfilled 112610 (100 rows)
Backfilled 113810 (100 rows)
Backfilled 114090 (100 rows)
Backfilled 114190 (100 rows)
Backfilled 114450 (100 rows)
Backfilled 114630 (100 rows)
Backfilled 114810 (100 rows)
Backfilled 114840 (100 rows)
Backfilled 115160 (100 rows)
Backfilled 115180 (100 rows)
Backfilled 115310 (100 rows)
Backfilled 115440 (100 rows)
Backfilled 115450 (100 rows)
Backfilled 115480 (100 rows)
Backfilled 115500 (100 rows)
Backfilled 115530 (100 rows)
Backfilled 115570 (100 rows)
Backfilled 115610 (100 rows)
Backfilled 117580 (100 rows)
Backfilled 117670 (100 rows)
Backfilled 117730 (100 rows)
Backfilled 118000 (100 rows)
Backfilled 118990 (100 rows)
Backfilled 119500 (100 rows)
Backfilled 119610 (100 rows)
Backfilled 119650 (100 rows)
Backfilled 119830 (100 rows)
Backfilled 119850 (100 rows)
Backfilled 120030 (100 rows)
Backfilled 120110 (100 rows)
Backfilled 120115 (100 rows)
Backfilled 120240 (100 rows)
Backfilled 121440 (100 rows)
Backfilled 121600 (100 rows)
Backfilled 121800 (100 rows)
Backfilled 121850 (100 rows)
Backfilled 121890 (100 rows)
Backfilled 122310 (100 rows)
Backfilled 122350 (100 rows)
Backfilled 122450 (100 rows)
Backfilled 122640 (100 rows)
Backfilled 122690 (100 rows)
Backfilled 122870 (100 rows)
Backfilled 122900 (100 rows)
Backfilled 122990 (100 rows)
Backfilled 123010 (100 rows)
Backfilled 123040 (100 rows)
Backfilled 123330 (100 rows)
Backfilled 123410 (100 rows)
Backfilled 123420 (100 rows)
Backfilled 123570 (100 rows)
Backfilled 123690 (100 rows)
Backfilled 123700 (100 rows)
Backfilled 123750 (100 rows)
Backfilled 123840 (100 rows)
Backfilled 123860 (100 rows)
Backfilled 123890 (100 rows)
Backfilled 124500 (100 rows)
Backfilled 124560 (100 rows)
Backfilled 125020 (100 rows)
Backfilled 125210 (100 rows)
Backfilled 125490 (99 rows)
Backfilled 126340 (100 rows)
Backfilled 126560 (100 rows)
Backfilled 126600 (100 rows)
Backfilled 126640 (100 rows)
Backfilled 126700 (100 rows)
Backfilled 126720 (100 rows)
Backfilled 126730 (100 rows)
Backfilled 126880 (100 rows)
Backfilled 127120 (100 rows)
Backfilled 127710 (100 rows)
Backfilled 127980 (100 rows)
Backfilled 128540 (100 rows)
Backfilled 128660 (100 rows)
Backfilled 128820 (100 rows)
Backfilled 128940 (100 rows)
Backfilled 129260 (100 rows)
Backfilled 129890 (100 rows)
Backfilled 129920 (100 rows)
Backfilled 130500 (100 rows)
Backfilled 130580 (100 rows)
Backfilled 130660 (100 rows)
Backfilled 130740 (100 rows)
Backfilled 131030 (100 rows)
Backfilled 131090 (100 rows)
Backfilled 131100 (100 rows)
Backfilled 131180 (100 rows)
Backfilled 131220 (100 rows)
Backfilled 131290 (100 rows)
Backfilled 131370 (100 rows)
Backfilled 131400 (100 rows)
Backfilled 131760 (100 rows)
Backfilled 131970 (100 rows)
Backfilled 133750 (100 rows)
Backfilled 133820 (100 rows)
Backfilled 134060 (100 rows)
Backfilled 134380 (100 rows)
Backfilled 134580 (100 rows)
Backfilled 134790 (100 rows)
Backfilled 136150 (100 rows)
Backfilled 136410 (100 rows)
Backfilled 136480 (100 rows)
Backfilled 136490 (100 rows)
Backfilled 136540 (100 rows)
Backfilled 137080 (100 rows)
Backfilled 137310 (100 rows)
Backfilled 137400 (100 rows)
Backfilled 137940 (100 rows)
Backfilled 137950 (100 rows)
Backfilled 138040 (100 rows)
Backfilled 138070 (100 rows)
Backfilled 138080 (100 rows)
Backfilled 138360 (100 rows)
Backfilled 138490 (100 rows)
Backfilled 138610 (100 rows)
Backfilled 138930 (100 rows)
Backfilled 139050 (100 rows)
Backfilled 139130 (100 rows)
Backfilled 139480 (100 rows)
Backfilled 139670 (100 rows)
Backfilled 139990 (100 rows)
Backfilled 140070 (100 rows)
Backfilled 140410 (100 rows)
Backfilled 140430 (100 rows)
Backfilled 140520 (100 rows)
Backfilled 140670 (100 rows)
Backfilled 140860 (100 rows)
Backfilled 140910 (100 rows)
Backfilled 141000 (100 rows)
Backfilled 141080 (100 rows)
Backfilled 142210 (100 rows)
Backfilled 142280 (100 rows)
Backfilled 142760 (100 rows)
Backfilled 143160 (100 rows)
Backfilled 143210 (100 rows)
Backfilled 143240 (100 rows)
Backfilled 143540 (100 rows)
Backfilled 144510 (100 rows)
Backfilled 144960 (100 rows)
Backfilled 145020 (100 rows)
Backfilled 145170 (100 rows)
Backfilled 145210 (100 rows)
Backfilled 145270 (100 rows)
Backfilled 145720 (100 rows)
Backfilled 145990 (100 rows)
Backfilled 145995 (100 rows)
Backfilled 146060 (100 rows)
Backfilled 146320 (100 rows)
Backfilled 147760 (100 rows)
Backfilled 147830 (100 rows)
Backfilled 148150 (100 rows)
Backfilled 148250 (100 rows)
Backfilled 148780 (100 rows)
Backfilled 148930 (100 rows)
Backfilled 149950 (100 rows)
Backfilled 149980 (100 rows)
Backfilled 150840 (100 rows)
Backfilled 150900 (100 rows)
Backfilled 151860 (100 rows)
Backfilled 152550 (100 rows)
Backfilled 153460 (100 rows)
Backfilled 153490 (100 rows)
Backfilled 153710 (100 rows)
Backfilled 154030 (100 rows)
Backfilled 154040 (100 rows)
Backfilled 155650 (100 rows)
Backfilled 155660 (100 rows)
Backfilled 156100 (100 rows)
Backfilled 158430 (100 rows)
Backfilled 159010 (100 rows)
Backfilled 159580 (100 rows)
Backfilled 159910 (100 rows)
Backfilled 160190 (100 rows)
Backfilled 160550 (100 rows)
Backfilled 160980 (100 rows)
Backfilled 161000 (100 rows)
Backfilled 161390 (100 rows)
Backfilled 161580 (100 rows)
Backfilled 161890 (100 rows)
Backfilled 162300 (100 rows)
Backfilled 163280 (100 rows)
Backfilled 163560 (100 rows)
Backfilled 163730 (100 rows)
Backfilled 166090 (100 rows)
Backfilled 166480 (100 rows)
Backfilled 168330 (100 rows)
Backfilled 168360 (100 rows)
Backfilled 169330 (100 rows)
Backfilled 170030 (100 rows)
Backfilled 170790 (100 rows)
Backfilled 170900 (100 rows)
Backfilled 170920 (100 rows)
Backfilled 171010 (100 rows)
Backfilled 171090 (100 rows)
Backfilled 171120 (100 rows)
Backfilled 172670 (100 rows)
Backfilled 173130 (100 rows)
Backfilled 173940 (100 rows)
Backfilled 174880 (100 rows)
Backfilled 174900 (100 rows)
Backfilled 175140 (100 rows)
Backfilled 175250 (100 rows)
Backfilled 175330 (100 rows)
Backfilled 176750 (100 rows)
Backfilled 177350 (100 rows)
Backfilled 177830 (100 rows)
Backfilled 177900 (100 rows)
Backfilled 178320 (100 rows)
Backfilled 178780 (100 rows)
Backfilled 178920 (100 rows)
Backfilled 179290 (100 rows)
Backfilled 179530 (100 rows)
Backfilled 179900 (100 rows)
Backfilled 180400 (100 rows)
Backfilled 180640 (100 rows)
Backfilled 18064K (100 rows)
Backfilled 181710 (100 rows)
Backfilled 182360 (100 rows)
Backfilled 182400 (100 rows)
Backfilled 183190 (100 rows)
Backfilled 183300 (100 rows)
Backfilled 183490 (100 rows)
Backfilled 184230 (100 rows)
Backfilled 185490 (100 rows)
Backfilled 185750 (100 rows)
Backfilled 186230 (100 rows)
Backfilled 187220 (100 rows)
Backfilled 187270 (100 rows)
Backfilled 187420 (100 rows)
Backfilled 187660 (100 rows)
Backfilled 187790 (100 rows)
Backfilled 187870 (100 rows)
Backfilled 188040 (100 rows)
Backfilled 188260 (100 rows)
Backfilled 189300 (100 rows)
Backfilled 189330 (100 rows)
Backfilled 189690 (100 rows)
Backfilled 189860 (100 rows)
Backfilled 189980 (100 rows)
Backfilled 190510 (100 rows)
Backfilled 190650 (100 rows)
Backfilled 191410 (100 rows)
Backfilled 191420 (100 rows)
Backfilled 192080 (100 rows)
Backfilled 192250 (100 rows)
Backfilled 192390 (100 rows)
Backfilled 192400 (100 rows)
Backfilled 192410 (100 rows)
Backfilled 192440 (100 rows)
Backfilled 192650 (100 rows)
Backfilled 192820 (100 rows)
Backfilled 193250 (100 rows)
Backfilled 194370 (100 rows)
Backfilled 194480 (100 rows)
Backfilled 194700 (100 rows)
Backfilled 195500 (100 rows)
Backfilled 195870 (100 rows)
Backfilled 195940 (100 rows)
Backfilled 195990 (100 rows)
Backfilled 196170 (100 rows)
Backfilled 196300 (100 rows)
Backfilled 196450 (100 rows)
Backfilled 196490 (100 rows)
Backfilled 196700 (100 rows)
Backfilled 197140 (100 rows)
Backfilled 198080 (100 rows)
Backfilled 198440 (100 rows)
Backfilled 198940 (100 rows)
Backfilled 199430 (100 rows)
Backfilled 199480 (100 rows)
Backfilled 199550 (100 rows)
Backfilled 199730 (100 rows)
Backfilled 199800 (100 rows)
Backfilled 199820 (100 rows)
Backfilled 200130 (100 rows)
Backfilled 200230 (100 rows)
Backfilled 200350 (100 rows)
Backfilled 200470 (100 rows)
Backfilled 200670 (100 rows)
Backfilled 200710 (100 rows)
Backfilled 200780 (100 rows)
Backfilled 200880 (100 rows)
Backfilled 201490 (100 rows)
Backfilled 203400 (100 rows)
Backfilled 203450 (100 rows)
Backfilled 203650 (100 rows)
Backfilled 203690 (100 rows)
Backfilled 204020 (100 rows)
Backfilled 204210 (100 rows)
Backfilled 204270 (100 rows)
Backfilled 204320 (100 rows)
Backfilled 204610 (100 rows)
Backfilled 204620 (100 rows)
Backfilled 204630 (100 rows)
Backfilled 204840 (100 rows)
Backfilled 205100 (100 rows)
Backfilled 205470 (100 rows)
Backfilled 205500 (100 rows)
Backfilled 206400 (100 rows)
Backfilled 206560 (100 rows)
Backfilled 206640 (100 rows)
Backfilled 206650 (100 rows)
Backfilled 207760 (100 rows)
Backfilled 207940 (100 rows)
Backfilled 208140 (100 rows)
Backfilled 208340 (100 rows)
Backfilled 208350 (100 rows)
Backfilled 208370 (100 rows)
Backfilled 208640 (100 rows)
Backfilled 208710 (100 rows)
Backfilled 208860 (100 rows)
Backfilled 209640 (100 rows)
Backfilled 210120 (100 rows)
Backfilled 210540 (100 rows)
Backfilled 210980 (100 rows)
Backfilled 211050 (100 rows)
Backfilled 211270 (100 rows)
Backfilled 212560 (100 rows)
Backfilled 212710 (100 rows)
Backfilled 213420 (100 rows)
Backfilled 213500 (100 rows)
Backfilled 214150 (100 rows)
Backfilled 214180 (100 rows)
Backfilled 214260 (100 rows)
Backfilled 214270 (100 rows)
Backfilled 214320 (100 rows)
Backfilled 214330 (100 rows)
Backfilled 214370 (100 rows)
Backfilled 214390 (100 rows)
Backfilled 214420 (100 rows)
Backfilled 214430 (100 rows)
Backfilled 214450 (100 rows)
Backfilled 214610 (100 rows)
Backfilled 214680 (100 rows)
Backfilled 215000 (100 rows)
Backfilled 215090 (100 rows)
Backfilled 215100 (100 rows)
Backfilled 215200 (100 rows)
Backfilled 215360 (100 rows)
Backfilled 215380 (100 rows)
Backfilled 215480 (100 rows)
Backfilled 215600 (100 rows)
Backfilled 215790 (100 rows)
Backfilled 216050 (100 rows)
Backfilled 216080 (100 rows)
Backfilled 217190 (100 rows)
Backfilled 217270 (100 rows)
Backfilled 217330 (100 rows)
Backfilled 217480 (100 rows)
Backfilled 217500 (100 rows)
Backfilled 217590 (21 rows)
Backfilled 217620 (100 rows)
Backfilled 217730 (100 rows)
Backfilled 217820 (100 rows)
Backfilled 218150 (100 rows)
Backfilled 218410 (100 rows)
Backfilled 219130 (100 rows)
Backfilled 219420 (100 rows)
Backfilled 219550 (100 rows)
Backfilled 219750 (100 rows)
Backfilled 220100 (100 rows)
Backfilled 220180 (100 rows)
Backfilled 220260 (100 rows)
Backfilled 221800 (100 rows)
Backfilled 221840 (100 rows)
Backfilled 221980 (100 rows)
Backfilled 222040 (100 rows)
Backfilled 222080 (100 rows)
Backfilled 222110 (100 rows)
Backfilled 222160 (100 rows)
Backfilled 222420 (100 rows)
Backfilled 222800 (100 rows)
Backfilled 222810 (100 rows)
Backfilled 222980 (100 rows)
Backfilled 223250 (100 rows)
Backfilled 223310 (100 rows)
Backfilled 224060 (100 rows)
Backfilled 224110 (100 rows)
Backfilled 225190 (100 rows)
Backfilled 225220 (100 rows)
Backfilled 225430 (100 rows)
Backfilled 225530 (100 rows)
Backfilled 225570 (100 rows)
Backfilled 225590 (100 rows)
Backfilled 226320 (100 rows)
Backfilled 226330 (100 rows)
Backfilled 226340 (100 rows)
Backfilled 226360 (100 rows)
Backfilled 226400 (100 rows)
Backfilled 226590 (100 rows)
Backfilled 226950 (100 rows)
Backfilled 227100 (100 rows)
Backfilled 227610 (100 rows)
Backfilled 227840 (100 rows)
Backfilled 227950 (100 rows)
Backfilled 228340 (100 rows)
Backfilled 228670 (100 rows)
Backfilled 228760 (100 rows)
Backfilled 228850 (100 rows)
Backfilled 229000 (100 rows)
Backfilled 229640 (100 rows)
Backfilled 230240 (100 rows)
Backfilled 230360 (100 rows)
Backfilled 230980 (100 rows)
Backfilled 232140 (100 rows)
Backfilled 232680 (100 rows)
Backfilled 232830 (100 rows)
Backfilled 234030 (100 rows)
Backfilled 234080 (100 rows)
Backfilled 234100 (100 rows)
Backfilled 234300 (100 rows)
Backfilled 234340 (100 rows)
Backfilled 234690 (100 rows)
Backfilled 234920 (100 rows)
Backfilled 235980 (100 rows)
Backfilled 236200 (100 rows)
Backfilled 236810 (100 rows)
Backfilled 237690 (100 rows)
Backfilled 237750 (100 rows)
Backfilled 237820 (100 rows)
Backfilled 237880 (100 rows)
Backfilled 238090 (100 rows)
Backfilled 238120 (100 rows)
Backfilled 238200 (100 rows)
Backfilled 238490 (100 rows)
Backfilled 239340 (100 rows)
Backfilled 239610 (100 rows)
Backfilled 239890 (100 rows)
Backfilled 240550 (100 rows)
Backfilled 240600 (100 rows)
Backfilled 240810 (100 rows)
Backfilled 241520 (100 rows)
Backfilled 241560 (100 rows)
Backfilled 241590 (100 rows)
Backfilled 241690 (100 rows)
Backfilled 241710 (100 rows)
Backfilled 241770 (100 rows)
Backfilled 241790 (100 rows)
Backfilled 241820 (100 rows)
Backfilled 241840 (100 rows)
Backfilled 242040 (100 rows)
Backfilled 243070 (100 rows)
Backfilled 243840 (100 rows)
Backfilled 244460 (100 rows)
Backfilled 244920 (100 rows)
Backfilled 245620 (100 rows)
Backfilled 246250 (100 rows)
Backfilled 246690 (100 rows)
Backfilled 246710 (100 rows)
Backfilled 246720 (100 rows)
Backfilled 246960 (100 rows)
Backfilled 247540 (100 rows)
Backfilled 247660 (100 rows)
Backfilled 248070 (100 rows)
Backfilled 248170 (100 rows)
Backfilled 249420 (100 rows)
Backfilled 250000 (100 rows)
Backfilled 250060 (100 rows)
Backfilled 250930 (100 rows)
Backfilled 251120 (100 rows)
Backfilled 251270 (100 rows)
Backfilled 251370 (100 rows)
Backfilled 251630 (100 rows)
Backfilled 251970 (100 rows)
Backfilled 252500 (100 rows)
Backfilled 252990 (100 rows)
Backfilled 253450 (100 rows)
Backfilled 253590 (100 rows)
Backfilled 253840 (100 rows)
Backfilled 254120 (100 rows)
Backfilled 254490 (100 rows)
Backfilled 255220 (100 rows)
Backfilled 255440 (100 rows)
Backfilled 256150 (100 rows)
Backfilled 256630 (100 rows)
Backfilled 256840 (100 rows)
Backfilled 256940 (100 rows)
Backfilled 257370 (100 rows)
Backfilled 257720 (100 rows)
Backfilled 258610 (100 rows)
Backfilled 258790 (100 rows)
Backfilled 258830 (100 rows)
Backfilled 259630 (100 rows)
Backfilled 259960 (100 rows)
Backfilled 260660 (100 rows)
Backfilled 260930 (100 rows)
Backfilled 260970 (100 rows)
Backfilled 261200 (100 rows)
Backfilled 261520 (23 rows)
Backfilled 261780 (100 rows)
Backfilled 262260 (100 rows)
Backfilled 262840 (100 rows)
Backfilled 263020 (100 rows)
Backfilled 263050 (100 rows)
Backfilled 263600 (100 rows)
Backfilled 263690 (100 rows)
Backfilled 263700 (100 rows)
Backfilled 263720 (100 rows)
Backfilled 263750 (100 rows)
Backfilled 263770 (100 rows)
Backfilled 263800 (100 rows)
Backfilled 263810 (100 rows)
Backfilled 263860 (100 rows)
Backfilled 263920 (100 rows)
Backfilled 264450 (100 rows)
Backfilled 264660 (100 rows)
Backfilled 264850 (100 rows)
Backfilled 264900 (100 rows)
Backfilled 26490K (100 rows)
Backfilled 265520 (100 rows)
Backfilled 265560 (100 rows)
Backfilled 265740 (100 rows)
Backfilled 267250 (100 rows)
Backfilled 267260 (100 rows)
Backfilled 267270 (100 rows)
Backfilled 267290 (100 rows)
Backfilled 267320 (100 rows)
Backfilled 267790 (100 rows)
Backfilled 267850 (100 rows)
Backfilled 267980 (100 rows)
Backfilled 268280 (100 rows)
Backfilled 269620 (100 rows)
Backfilled 270520 (100 rows)
Backfilled 270660 (100 rows)
Backfilled 270870 (100 rows)
Backfilled 271560 (100 rows)
Backfilled 271830 (100 rows)
Backfilled 271940 (100 rows)
Backfilled 271980 (100 rows)
Backfilled 272110 (100 rows)
Backfilled 272210 (100 rows)
Backfilled 272290 (100 rows)
Backfilled 272450 (100 rows)
Backfilled 272550 (100 rows)
Backfilled 273060 (100 rows)
Backfilled 273640 (100 rows)
Backfilled 274090 (100 rows)
Backfilled 274400 (100 rows)
Backfilled 275630 (100 rows)
Backfilled 276040 (100 rows)
Backfilled 276730 (100 rows)
Backfilled 277070 (100 rows)
Backfilled 277410 (100 rows)
Backfilled 277810 (100 rows)
Backfilled 277880 (100 rows)
Backfilled 278280 (100 rows)
Backfilled 278470 (100 rows)
Backfilled 278650 (100 rows)
Backfilled 279600 (100 rows)
Backfilled 280360 (100 rows)
Backfilled 281740 (100 rows)
Backfilled 281820 (100 rows)
Backfilled 282330 (100 rows)
Backfilled 282720 (100 rows)
Backfilled 282880 (100 rows)
Backfilled 284620 (100 rows)
Backfilled 284740 (100 rows)
Backfilled 285130 (100 rows)
Backfilled 28513K (100 rows)
Backfilled 285490 (100 rows)
Backfilled 285800 (100 rows)
Backfilled 286750 (100 rows)
Backfilled 286940 (100 rows)
Backfilled 287840 (100 rows)
Backfilled 288330 (100 rows)
Backfilled 288620 (100 rows)
Backfilled 288980 (100 rows)
Backfilled 289010 (100 rows)
Backfilled 289080 (100 rows)
Backfilled 289220 (100 rows)
Backfilled 289930 (100 rows)
Backfilled 290090 (100 rows)
Backfilled 290120 (100 rows)
Backfilled 290270 (100 rows)
Backfilled 290520 (100 rows)
Backfilled 290550 (100 rows)
Backfilled 290560 (100 rows)
Backfilled 290650 (100 rows)
Backfilled 290660 (100 rows)
Backfilled 290670 (100 rows)
Backfilled 290690 (100 rows)
Backfilled 290720 (100 rows)
Backfilled 290740 (100 rows)
Backfilled 291230 (100 rows)
Backfilled 291650 (100 rows)
Backfilled 291810 (100 rows)
Backfilled 293480 (100 rows)
Backfilled 293490 (100 rows)
Backfilled 293580 (100 rows)
Backfilled 293780 (100 rows)
Backfilled 293940 (100 rows)
Backfilled 294090 (100 rows)
Backfilled 294140 (100 rows)
Backfilled 294570 (100 rows)
Backfilled 294630 (100 rows)
Backfilled 294870 (100 rows)
Backfilled 295310 (100 rows)
Backfilled 296640 (100 rows)
Backfilled 297090 (100 rows)
Backfilled 297570 (100 rows)
Backfilled 297890 (100 rows)
Backfilled 298000 (100 rows)
Backfilled 298020 (100 rows)
Backfilled 298040 (100 rows)
Backfilled 298050 (100 rows)
Backfilled 298060 (100 rows)
Backfilled 298380 (100 rows)
Backfilled 298540 (100 rows)
Backfilled 298690 (100 rows)
Backfilled 298830 (100 rows)
Backfilled 299030 (100 rows)
Backfilled 299170 (100 rows)
Backfilled 299660 (100 rows)
Backfilled 299900 (100 rows)
Backfilled 300080 (100 rows)
Backfilled 300120 (100 rows)
Backfilled 300720 (100 rows)
Backfilled 301300 (100 rows)
Backfilled 302430 (100 rows)
Backfilled 302440 (100 rows)
Backfilled 302550 (100 rows)
Backfilled 303030 (100 rows)
Backfilled 303360 (100 rows)
Backfilled 303530 (100 rows)
Backfilled 303810 (100 rows)
Backfilled 304100 (100 rows)
Backfilled 304360 (100 rows)
Backfilled 304840 (100 rows)
Backfilled 305090 (100 rows)
Backfilled 306040 (100 rows)
Backfilled 306200 (100 rows)
Backfilled 306620 (100 rows)
Backfilled 307180 (100 rows)
Backfilled 307280 (100 rows)
Backfilled 307750 (100 rows)
Backfilled 307870 (100 rows)
Backfilled 307930 (100 rows)
Backfilled 307950 (100 rows)
Backfilled 308080 (100 rows)
Backfilled 308100 (100 rows)
Backfilled 308170 (100 rows)
Backfilled 308430 (100 rows)
Backfilled 309710 (100 rows)
Backfilled 309930 (100 rows)
Backfilled 309960 (100 rows)
Backfilled 310200 (100 rows)
Backfilled 310210 (100 rows)
Backfilled 310870 (100 rows)
Backfilled 311320 (100 rows)
Backfilled 311390 (100 rows)
Backfilled 311690 (100 rows)
Backfilled 312610 (100 rows)
Backfilled 313760 (100 rows)
Backfilled 314130 (100 rows)
Backfilled 314140 (100 rows)
Backfilled 314930 (100 rows)
Backfilled 315640 (100 rows)
Backfilled 316140 (100 rows)
Backfilled 317120 (100 rows)
Backfilled 317240 (100 rows)
Backfilled 317330 (100 rows)
Backfilled 317400 (100 rows)
Backfilled 317450 (69 rows)
Backfilled 317530 (100 rows)
Backfilled 317690 (100 rows)
Backfilled 317770 (100 rows)
Backfilled 317830 (100 rows)
Backfilled 317850 (100 rows)
Backfilled 317870 (100 rows)
Backfilled 318000 (100 rows)
Backfilled 318010 (100 rows)
Backfilled 318020 (100 rows)
Backfilled 318060 (96 rows)
Backfilled 318160 (100 rows)
Backfilled 318410 (100 rows)
Backfilled 319400 (100 rows)
Backfilled 319660 (100 rows)
Backfilled 320000 (100 rows)
Backfilled 321260 (100 rows)
Backfilled 321370 (100 rows)
Backfilled 321550 (100 rows)
Backfilled 321820 (100 rows)
Backfilled 322000 (100 rows)
Backfilled 322180 (100 rows)
Backfilled 322310 (100 rows)
Backfilled 322510 (100 rows)
Backfilled 322780 (100 rows)
Backfilled 323280 (100 rows)
Backfilled 323350 (100 rows)
Backfilled 323410 (100 rows)
Backfilled 323990 (100 rows)
Backfilled 326030 (100 rows)
Backfilled 327260 (100 rows)
Backfilled 328130 (100 rows)
Backfilled 328380 (100 rows)
Backfilled 329180 (100 rows)
Backfilled 330350 (100 rows)
Backfilled 330590 (100 rows)
Backfilled 330730 (100 rows)
Backfilled 330860 (100 rows)
Backfilled 331380 (100 rows)
Backfilled 331520 (100 rows)
Backfilled 331740 (100 rows)
Backfilled 331920 (100 rows)
Backfilled 332290 (100 rows)
Backfilled 332370 (100 rows)
Backfilled 332570 (100 rows)
Backfilled 333050 (100 rows)
Backfilled 333430 (100 rows)
Backfilled 333620 (100 rows)
Backfilled 334890 (100 rows)
Backfilled 334970 (100 rows)
Backfilled 335810 (100 rows)
Backfilled 335870 (100 rows)
Backfilled 336060 (100 rows)
Backfilled 336260 (100 rows)
Backfilled 33626K (100 rows)
Backfilled 33626L (100 rows)
Backfilled 336370 (100 rows)
Backfilled 33637K (100 rows)
Backfilled 33637L (100 rows)
Backfilled 336570 (100 rows)
Backfilled 336680 (100 rows)
Backfilled 337930 (100 rows)
Backfilled 338100 (100 rows)
Backfilled 338220 (100 rows)
Backfilled 338840 (100 rows)
Backfilled 339770 (100 rows)
Backfilled 339950 (100 rows)
Backfilled 340360 (100 rows)
Backfilled 340440 (100 rows)
Backfilled 340450 (100 rows)
Backfilled 340570 (100 rows)
Backfilled 340810 (100 rows)
Backfilled 340930 (100 rows)
Backfilled 342870 (85 rows)
Backfilled 344820 (100 rows)
Backfilled 344860 (100 rows)
Backfilled 347000 (100 rows)
Backfilled 347700 (100 rows)
Backfilled 347740 (100 rows)
Backfilled 347770 (100 rows)
Backfilled 347850 (100 rows)
Backfilled 347860 (100 rows)
Backfilled 347890 (100 rows)
Backfilled 348030 (100 rows)
Backfilled 348080 (100 rows)
Backfilled 348150 (100 rows)
Backfilled 348210 (100 rows)
Backfilled 348340 (100 rows)
Backfilled 348350 (100 rows)
Backfilled 348370 (100 rows)
Backfilled 348950 (100 rows)
Backfilled 350520 (100 rows)
Backfilled 351320 (100 rows)
Backfilled 351330 (100 rows)
Backfilled 351870 (100 rows)
Backfilled 352090 (100 rows)
Backfilled 352480 (100 rows)
Backfilled 352700 (100 rows)
Backfilled 352770 (100 rows)
Backfilled 352820 (100 rows)
Backfilled 352910 (100 rows)
Backfilled 352940 (100 rows)
Backfilled 353190 (100 rows)
Backfilled 353200 (100 rows)
Backfilled 35320K (100 rows)
Backfilled 353590 (100 rows)
Backfilled 353810 (100 rows)
Backfilled 354200 (100 rows)
Backfilled 354320 (100 rows)
Backfilled 355150 (100 rows)
Backfilled 355390 (100 rows)
Backfilled 355690 (100 rows)
Backfilled 356680 (100 rows)
Backfilled 356860 (100 rows)
Backfilled 356890 (100 rows)
Backfilled 357120 (100 rows)
Backfilled 357230 (100 rows)
Backfilled 357250 (100 rows)
Backfilled 357430 (100 rows)
Backfilled 357550 (100 rows)
Backfilled 357580 (100 rows)
Backfilled 357780 (100 rows)
Backfilled 357880 (100 rows)
Backfilled 358570 (100 rows)
Backfilled 359090 (100 rows)
Backfilled 360070 (100 rows)
Backfilled 360350 (100 rows)
Backfilled 361390 (100 rows)
Backfilled 361570 (100 rows)
Backfilled 361610 (100 rows)
Backfilled 361670 (100 rows)
Backfilled 362320 (100 rows)
Backfilled 362990 (100 rows)
Backfilled 363250 (100 rows)
Backfilled 363260 (100 rows)
Backfilled 363280 (100 rows)
Backfilled 36328K (100 rows)
Backfilled 364950 (100 rows)
Backfilled 365270 (100 rows)
Backfilled 365330 (100 rows)
Backfilled 365340 (100 rows)
Backfilled 365550 (100 rows)
Backfilled 365590 (100 rows)
Backfilled 365900 (100 rows)
Backfilled 366030 (100 rows)
Backfilled 367000 (100 rows)
Backfilled 368600 (100 rows)
Backfilled 368770 (100 rows)
Backfilled 368970 (100 rows)
Backfilled 369370 (100 rows)
Backfilled 370090 (100 rows)
Backfilled 371950 (100 rows)
Backfilled 372170 (100 rows)
Backfilled 372320 (100 rows)
Backfilled 372800 (100 rows)
Backfilled 372910 (100 rows)
Backfilled 373110 (100 rows)
Backfilled 373160 (100 rows)
Backfilled 373170 (100 rows)
Backfilled 373200 (100 rows)
Backfilled 373220 (100 rows)
Backfilled 375500 (100 rows)
Backfilled 37550K (100 rows)
Backfilled 37550L (100 rows)
Backfilled 376180 (100 rows)
Backfilled 376270 (100 rows)
Backfilled 376290 (100 rows)
Backfilled 376300 (100 rows)
Backfilled 376900 (100 rows)
Backfilled 376930 (100 rows)
Backfilled 376980 (100 rows)
Backfilled 377030 (100 rows)
Backfilled 377190 (100 rows)
Backfilled 377220 (100 rows)
Backfilled 377300 (100 rows)
Backfilled 377330 (100 rows)
Backfilled 377450 (100 rows)
Backfilled 377460 (100 rows)
Backfilled 377480 (100 rows)
Backfilled 377740 (100 rows)
Backfilled 378340 (100 rows)
Backfilled 378800 (100 rows)
Backfilled 378850 (100 rows)
Backfilled 380540 (100 rows)
Backfilled 380550 (100 rows)
Backfilled 381620 (100 rows)
Backfilled 381970 (100 rows)
Backfilled 382150 (100 rows)
Backfilled 382480 (100 rows)
Backfilled 382800 (100 rows)
Backfilled 382840 (100 rows)
Backfilled 382900 (100 rows)
Backfilled 383220 (100 rows)
Backfilled 383310 (100 rows)
Backfilled 383800 (100 rows)
Backfilled 38380K (100 rows)
Backfilled 383930 (100 rows)
Backfilled 384470 (100 rows)
Backfilled 387570 (100 rows)
Backfilled 388050 (100 rows)
Backfilled 388210 (38 rows)
Backfilled 388610 (100 rows)
Backfilled 388720 (100 rows)
Backfilled 388790 (100 rows)
Backfilled 388870 (100 rows)
Backfilled 389020 (100 rows)
Backfilled 389030 (100 rows)
Backfilled 389140 (100 rows)
Backfilled 389260 (100 rows)
Backfilled 389470 (100 rows)
Backfilled 389500 (100 rows)
Backfilled 389650 (100 rows)
Backfilled 389680 (100 rows)
Backfilled 391710 (100 rows)
Backfilled 393210 (100 rows)
Backfilled 393890 (100 rows)
Backfilled 393970 (100 rows)
Backfilled 394280 (100 rows)
Backfilled 394800 (100 rows)
Backfilled 395400 (100 rows)
Backfilled 396270 (100 rows)
Backfilled 396300 (100 rows)
Backfilled 396470 (100 rows)
Backfilled 396690 (100 rows)
Backfilled 397030 (100 rows)
Backfilled 397810 (97 rows)
Backfilled 398120 (100 rows)
Backfilled 399720 (100 rows)
Backfilled 400760 (100 rows)
Backfilled 402030 (100 rows)
Backfilled 402340 (100 rows)
Backfilled 402490 (100 rows)
Backfilled 403490 (100 rows)
Backfilled 403550 (100 rows)
Backfilled 403850 (40 rows)
Backfilled 403870 (100 rows)
Backfilled 404990 (100 rows)
Backfilled 405000 (100 rows)
Backfilled 405100 (100 rows)
Backfilled 405920 (100 rows)
Backfilled 406820 (100 rows)
Backfilled 407400 (100 rows)
Backfilled 408900 (100 rows)
Backfilled 408920 (100 rows)
Backfilled 411080 (100 rows)
Backfilled 412350 (100 rows)
Backfilled 412540 (100 rows)
Backfilled 413390 (100 rows)
Backfilled 413630 (100 rows)
Backfilled 413640 (100 rows)
Backfilled 415380 (100 rows)
Backfilled 415640 (100 rows)
Backfilled 416180 (100 rows)
Backfilled 417010 (100 rows)
Backfilled 417180 (100 rows)
Backfilled 417200 (100 rows)
Backfilled 417310 (100 rows)
Backfilled 417500 (100 rows)
Backfilled 417790 (100 rows)
Backfilled 417840 (100 rows)
Backfilled 417860 (100 rows)
Backfilled 417970 (100 rows)
Backfilled 418250 (100 rows)
Backfilled 418420 (100 rows)
Backfilled 418470 (100 rows)
Backfilled 418550 (100 rows)
Backfilled 418620 (100 rows)
Backfilled 419050 (100 rows)
Backfilled 419080 (100 rows)
Backfilled 419120 (100 rows)
Backfilled 419530 (100 rows)
Backfilled 419540 (100 rows)
Backfilled 420570 (100 rows)
Backfilled 420770 (100 rows)
Backfilled 424760 (100 rows)
Backfilled 424870 (100 rows)
Backfilled 424960 (100 rows)
Backfilled 424980 (100 rows)
Backfilled 425040 (100 rows)
Backfilled 425420 (100 rows)
Backfilled 429270 (100 rows)
Backfilled 430690 (100 rows)
Backfilled 431190 (100 rows)
Backfilled 432320 (100 rows)
Backfilled 432430 (100 rows)
Backfilled 432470 (100 rows)
Backfilled 432720 (100 rows)
Backfilled 432980 (100 rows)
Backfilled 434480 (100 rows)
Backfilled 435570 (100 rows)
Backfilled 437730 (100 rows)
Backfilled 438700 (100 rows)
Backfilled 439090 (100 rows)
Backfilled 439260 (100 rows)
Backfilled 439580 (100 rows)
Backfilled 440110 (100 rows)
Backfilled 440290 (100 rows)
Backfilled 440320 (100 rows)
Backfilled 441270 (100 rows)
Backfilled 443060 (100 rows)
Backfilled 443250 (100 rows)
Backfilled 443670 (100 rows)
Backfilled 444530 (100 rows)
Backfilled 444920 (100 rows)
Backfilled 445090 (100 rows)
Backfilled 445180 (100 rows)
Backfilled 445680 (100 rows)
Backfilled 446070 (100 rows)
Backfilled 446150 (100 rows)
Backfilled 446540 (100 rows)
Backfilled 446840 (100 rows)
Backfilled 448280 (100 rows)
Backfilled 448710 (100 rows)
Backfilled 448730 (100 rows)
Backfilled 448830 (100 rows)
Backfilled 448900 (100 rows)
Backfilled 450050 (100 rows)
Backfilled 450080 (100 rows)
Backfilled 450330 (100 rows)
Backfilled 450520 (100 rows)
Backfilled 450940 (100 rows)
Backfilled 450950 (100 rows)
Backfilled 451220 (100 rows)
Backfilled 451250 (100 rows)
Backfilled 451700 (100 rows)
Backfilled 451760 (100 rows)
Backfilled 451800 (100 rows)
Backfilled 452160 (100 rows)
Backfilled 452190 (100 rows)
Backfilled 452200 (100 rows)
Backfilled 452260 (100 rows)
Backfilled 45226K (100 rows)
Backfilled 452280 (100 rows)
Backfilled 452300 (100 rows)
Backfilled 452400 (100 rows)
Backfilled 452430 (100 rows)
Backfilled 452450 (100 rows)
Backfilled 452670 (100 rows)
Backfilled 452980 (100 rows)
Backfilled 453340 (100 rows)
Backfilled 453450 (100 rows)
Backfilled 453860 (100 rows)
Backfilled 454640 (100 rows)
Backfilled 454910 (100 rows)
Backfilled 455180 (100 rows)
Backfilled 455250 (100 rows)
Backfilled 455310 (100 rows)
Backfilled 455900 (100 rows)
Backfilled 455910 (100 rows)
Backfilled 456010 (100 rows)
Backfilled 456040 (100 rows)
Backfilled 456070 (100 rows)
Backfilled 456160 (100 rows)
Backfilled 456490 (100 rows)
Backfilled 457190 (100 rows)
Backfilled 457370 (100 rows)
Backfilled 457550 (100 rows)
Backfilled 457600 (100 rows)
Backfilled 457630 (100 rows)
Backfilled 457940 (100 rows)
Backfilled 458610 (100 rows)
Backfilled 458650 (100 rows)
Backfilled 458870 (100 rows)
Backfilled 459100 (100 rows)
Backfilled 459510 (100 rows)
Backfilled 459550 (41 rows)
Backfilled 460470 (100 rows)
Backfilled 460850 (100 rows)
Backfilled 460860 (100 rows)
Backfilled 460870 (100 rows)
Backfilled 460930 (100 rows)
Backfilled 460940 (100 rows)
Backfilled 461030 (100 rows)
Backfilled 461300 (100 rows)
Backfilled 462020 (100 rows)
Backfilled 462310 (100 rows)
Backfilled 462350 (100 rows)
Backfilled 462510 (100 rows)
Backfilled 462520 (100 rows)
Backfilled 462860 (100 rows)
Backfilled 462870 (100 rows)
Backfilled 462980 (100 rows)
Backfilled 463020 (100 rows)
Backfilled 463480 (100 rows)
Backfilled 464080 (100 rows)
Backfilled 464280 (100 rows)
Backfilled 464440 (100 rows)
Backfilled 464490 (22 rows)
Backfilled 464500 (100 rows)
Backfilled 464580 (100 rows)
Backfilled 464680 (100 rows)
Backfilled 465320 (100 rows)
Backfilled 465480 (100 rows)
Backfilled 465770 (100 rows)
Backfilled 466100 (100 rows)
Backfilled 466410 (100 rows)
Backfilled 466690 (22 rows)
Backfilled 466910 (100 rows)
Backfilled 467930 (100 rows)
Backfilled 468530 (100 rows)
Backfilled 468760 (100 rows)
Backfilled 469480 (100 rows)
Backfilled 469610 (47 rows)
Backfilled 469750 (100 rows)
Backfilled 469880 (100 rows)
Backfilled 469900 (100 rows)
Backfilled 471050 (100 rows)
Backfilled 471820 (100 rows)
Backfilled 472220 (100 rows)
Backfilled 472230 (100 rows)
Backfilled 472850 (100 rows)
Backfilled 473000 (100 rows)
Backfilled 473050 (100 rows)
Backfilled 473370 (100 rows)
Backfilled 473950 (100 rows)
Backfilled 473980 (100 rows)
Backfilled 474170 (100 rows)
Backfilled 474490 (100 rows)
Backfilled 474610 (100 rows)
Backfilled 474650 (100 rows)
Backfilled 474660 (100 rows)
Backfilled 474930 (100 rows)
Backfilled 475150 (100 rows)
Backfilled 475230 (100 rows)
Backfilled 475240 (100 rows)
Backfilled 475250 (100 rows)
Backfilled 475400 (100 rows)
Backfilled 475430 (100 rows)
Backfilled 475460 (100 rows)
Backfilled 475560 (100 rows)
Backfilled 475580 (100 rows)
Backfilled 475660 (100 rows)
Backfilled 475830 (100 rows)
Backfilled 475960 (100 rows)
Backfilled 476040 (100 rows)
Backfilled 476060 (100 rows)
Backfilled 476080 (100 rows)
Backfilled 476830 (18 rows)
Backfilled 477340 (100 rows)
Backfilled 477380 (100 rows)
Backfilled 477470 (100 rows)
Backfilled 477760 (100 rows)
Backfilled 478110 (100 rows)
Backfilled 478340 (19 rows)
Backfilled 478390 (100 rows)
Backfilled 478440 (100 rows)
Backfilled 478560 (100 rows)
Backfilled 478780 (100 rows)
Backfilled 479880 (100 rows)
Backfilled 479960 (100 rows)
Backfilled 480370 (100 rows)
Backfilled 481070 (100 rows)
Backfilled 481850 (100 rows)
Backfilled 481890 (100 rows)
Backfilled 482520 (100 rows)
Backfilled 482630 (100 rows)
Backfilled 482680 (100 rows)
Backfilled 482690 (100 rows)
Backfilled 483650 (100 rows)
Backfilled 484120 (100 rows)
Backfilled 484130 (100 rows)
Backfilled 484590 (100 rows)
Backfilled 484810 (100 rows)
Backfilled 484870 (100 rows)
Backfilled 486630 (100 rows)
Backfilled 486990 (51 rows)
Backfilled 487360 (100 rows)
Backfilled 487570 (100 rows)
Backfilled 487720 (100 rows)
Backfilled 487830 (100 rows)
Backfilled 488060 (100 rows)
Backfilled 488280 (77 rows)
Backfilled 488900 (37 rows)
Backfilled 489210 (100 rows)
Backfilled 489460 (100 rows)
Backfilled 489480 (100 rows)
Backfilled 489500 (100 rows)
Backfilled 489730 (100 rows)
Backfilled 489790 (100 rows)
Backfilled 490470 (12 rows)
Backfilled 491000 (14 rows)
Backfilled 492220 (100 rows)
Backfilled 493330 (2 rows)
Backfilled 493790 (100 rows)
Backfilled 494120 (43 rows)
Backfilled 496070 (100 rows)
Backfilled 498390 (100 rows)
Backfilled 499790 (100 rows)
Backfilled 900070 (100 rows)
Backfilled 900100 (100 rows)
Backfilled 900110 (100 rows)
Backfilled 900120 (100 rows)
Backfilled 900140 (100 rows)
Backfilled 900250 (100 rows)
Backfilled 900260 (100 rows)
Backfilled 900270 (100 rows)
Backfilled 900290 (100 rows)
Backfilled 900300 (100 rows)
Backfilled 900310 (100 rows)
Backfilled 900340 (100 rows)
Backfilled 950130 (100 rows)
Backfilled 950140 (100 rows)
Backfilled 950160 (100 rows)
Backfilled 950170 (100 rows)
Backfilled 950190 (100 rows)
Backfilled 950200 (100 rows)
Backfilled 950210 (100 rows)
Backfilled 950220 (100 rows)
Backfilled 950250 (25 rows)
Backfill complete. Total rows upserted: 275694
